2023-08-12 22:17:15 | INFO | fairseq.distributed.utils | distributed init (rank 1): tcp://localhost:10479
2023-08-12 22:17:15 | INFO | fairseq.distributed.utils | distributed init (rank 0): tcp://localhost:10479
2023-08-12 22:17:16 | INFO | torch.distributed.distributed_c10d | Added key: store_based_barrier_key:1 to store for rank: 1
2023-08-12 22:17:16 | INFO | torch.distributed.distributed_c10d | Added key: store_based_barrier_key:1 to store for rank: 0
2023-08-12 22:17:16 | INFO | torch.distributed.distributed_c10d | Rank 0: Completed store-based barrier for key:store_based_barrier_key:1 with 2 nodes.
2023-08-12 22:17:16 | INFO | fairseq.distributed.utils | initialized host cpc1-finc11-0-0-cust154.4-2.cable.virginm.net as rank 0
2023-08-12 22:17:16 | INFO | torch.distributed.distributed_c10d | Rank 1: Completed store-based barrier for key:store_based_barrier_key:1 with 2 nodes.
2023-08-12 22:17:16 | INFO | fairseq.distributed.utils | initialized host cpc1-finc11-0-0-cust154.4-2.cable.virginm.net as rank 1
2023-08-12 22:17:19 | INFO | fairseq_cli.train | {'_name': None, 'common': {'_name': None, 'no_progress_bar': True, 'log_interval': 100, 'log_format': None, 'log_file': None, 'aim_repo': None, 'aim_run_hash': None, 'tensorboard_logdir': 'checkpoints/wmt-en2de/ende-baseline-mustc-ft', 'wandb_project': None, 'azureml_logging': False, 'seed': 1, 'cpu': False, 'tpu': False, 'bf16': False, 'memory_efficient_bf16': False, 'fp16': True, 'memory_efficient_fp16': False, 'fp16_no_flatten_grads': False, 'fp16_init_scale': 128, 'fp16_scale_window': None, 'fp16_scale_tolerance': 0.0, 'on_cpu_convert_precision': False, 'min_loss_scale': 0.0001, 'threshold_loss_scale': None, 'amp': False, 'amp_batch_retries': 2, 'amp_init_scale': 128, 'amp_scale_window': None, 'user_dir': None, 'empty_cache_freq': 0, 'all_gather_list_size': 16384, 'model_parallel_size': 1, 'quantization_config_path': None, 'profile': False, 'reset_logging': False, 'suppress_crashes': False, 'use_plasma_view': False, 'plasma_path': '/tmp/plasma'}, 'common_eval': {'_name': None, 'path': None, 'post_process': None, 'quiet': False, 'model_overrides': '{}', 'results_path': None}, 'distributed_training': {'_name': None, 'distributed_world_size': 2, 'distributed_num_procs': 2, 'distributed_rank': 0, 'distributed_backend': 'nccl', 'distributed_init_method': 'tcp://localhost:10479', 'distributed_port': -1, 'device_id': 0, 'distributed_no_spawn': False, 'ddp_backend': 'no_c10d', 'ddp_comm_hook': 'none', 'bucket_cap_mb': 25, 'fix_batches_to_gpus': False, 'find_unused_parameters': False, 'gradient_as_bucket_view': False, 'fast_stat_sync': False, 'heartbeat_timeout': -1, 'broadcast_buffers': False, 'slowmo_momentum': None, 'slowmo_base_algorithm': 'localsgd', 'localsgd_frequency': 3, 'nprocs_per_node': 2, 'pipeline_model_parallel': False, 'pipeline_balance': None, 'pipeline_devices': None, 'pipeline_chunks': 0, 'pipeline_encoder_balance': None, 'pipeline_encoder_devices': None, 'pipeline_decoder_balance': None, 'pipeline_decoder_devices': None, 'pipeline_checkpoint': 'never', 'zero_sharding': 'none', 'fp16': True, 'memory_efficient_fp16': False, 'tpu': False, 'no_reshard_after_forward': False, 'fp32_reduce_scatter': False, 'cpu_offload': False, 'use_sharded_state': False, 'not_fsdp_flatten_parameters': False}, 'dataset': {'_name': None, 'num_workers': 1, 'skip_invalid_size_inputs_valid_test': False, 'max_tokens': 8192, 'batch_size': None, 'required_batch_size_multiple': 8, 'required_seq_len_multiple': 1, 'dataset_impl': None, 'data_buffer_size': 10, 'train_subset': 'train', 'valid_subset': 'valid', 'combine_valid_subsets': None, 'ignore_unused_valid_subsets': False, 'validate_interval': 1, 'validate_interval_updates': 0, 'validate_after_updates': 0, 'fixed_validation_seed': None, 'disable_validation': False, 'max_tokens_valid': 8192, 'batch_size_valid': None, 'max_valid_steps': None, 'curriculum': 0, 'gen_subset': 'test', 'num_shards': 1, 'shard_id': 0, 'grouped_shuffling': False, 'update_epoch_batch_itr': False, 'update_ordered_indices_seed': False}, 'optimization': {'_name': None, 'max_epoch': 30, 'max_update': 0, 'stop_time_hours': 0.0, 'clip_norm': 0.0, 'sentence_avg': False, 'update_freq': [1], 'lr': [0.002], 'stop_min_lr': -1.0, 'use_bmuf': False, 'skip_remainder_batch': False}, 'checkpoint': {'_name': None, 'save_dir': 'checkpoints/wmt-en2de/ende-baseline-mustc-ft', 'restore_file': 'checkpoint_last.pt', 'continue_once': None, 'finetune_from_model': None, 'reset_dataloader': False, 'reset_lr_scheduler': False, 'reset_meters': False, 'reset_optimizer': False, 'optimizer_overrides': '{}', 'save_interval': 1, 'save_interval_updates': 0, 'keep_interval_updates': -1, 'keep_interval_updates_pattern': -1, 'keep_last_epochs': 10, 'keep_best_checkpoints': -1, 'no_save': False, 'no_epoch_checkpoints': False, 'no_last_checkpoints': False, 'no_save_optimizer_state': False, 'best_checkpoint_metric': 'loss', 'maximize_best_checkpoint_metric': False, 'patience': -1, 'checkpoint_suffix': '', 'checkpoint_shard_count': 1, 'load_checkpoint_on_all_dp_ranks': False, 'write_checkpoints_asynchronously': False, 'model_parallel_size': 1}, 'bmuf': {'_name': None, 'block_lr': 1.0, 'block_momentum': 0.875, 'global_sync_iter': 50, 'warmup_iterations': 500, 'use_nbm': False, 'average_sync': False, 'distributed_world_size': 2}, 'generation': {'_name': None, 'beam': 5, 'beam_mt': 0, 'nbest': 1, 'max_len_a': 0.0, 'max_len_b': 200, 'max_len_a_mt': 0.0, 'max_len_b_mt': 200, 'min_len': 1, 'match_source_len': False, 'unnormalized': False, 'no_early_stop': False, 'no_beamable_mm': False, 'lenpen': 1.0, 'lenpen_mt': 1.0, 'unkpen': 0.0, 'replace_unk': None, 'sacrebleu': False, 'score_reference': False, 'prefix_size': 0, 'no_repeat_ngram_size': 0, 'sampling': False, 'sampling_topk': -1, 'sampling_topp': -1.0, 'constraints': None, 'temperature': 1.0, 'diverse_beam_groups': -1, 'diverse_beam_strength': 0.5, 'diversity_rate': -1.0, 'print_alignment': None, 'print_step': False, 'lm_path': None, 'lm_weight': 0.0, 'iter_decode_eos_penalty': 0.0, 'iter_decode_max_iter': 10, 'iter_decode_force_max_iter': False, 'iter_decode_with_beam': 1, 'iter_decode_with_external_reranker': False, 'retain_iter_history': False, 'retain_dropout': False, 'retain_dropout_modules': None, 'decoding_format': None, 'no_seed_provided': False, 'eos_token': None}, 'eval_lm': {'_name': None, 'output_word_probs': False, 'output_word_stats': False, 'context_window': 0, 'softmax_batch': 9223372036854775807}, 'interactive': {'_name': None, 'buffer_size': 0, 'input': '-'}, 'model': Namespace(_name='transformer_wmt_en_de', activation_dropout=0.0, activation_fn='relu', adam_betas='(0.9, 0.997)', adam_eps=1e-08, adaptive_input=False, adaptive_softmax_cutoff=None, adaptive_softmax_dropout=0, aim_repo=None, aim_run_hash=None, all_gather_list_size=16384, amp=False, amp_batch_retries=2, amp_init_scale=128, amp_scale_window=None, arch='transformer_wmt_en_de', attention_dropout=0.0, azureml_logging=False, batch_size=None, batch_size_valid=None, best_checkpoint_metric='loss', bf16=False, bpe=None, broadcast_buffers=False, bucket_cap_mb=25, checkpoint_activations=False, checkpoint_shard_count=1, checkpoint_suffix='', clip_norm=0.0, combine_valid_subsets=None, continue_once=None, cpu=False, cpu_offload=False, criterion='label_smoothed_cross_entropy', cross_self_attention=False, curriculum=0, data='data-bin/mustc-ende-lc', data_buffer_size=10, dataset_impl=None, ddp_backend='no_c10d', ddp_comm_hook='none', decoder_attention_heads=8, decoder_embed_dim=512, decoder_embed_path=None, decoder_ffn_embed_dim=2048, decoder_input_dim=512, decoder_layerdrop=0, decoder_layers=6, decoder_layers_to_keep=None, decoder_learned_pos=False, decoder_normalize_before=True, decoder_output_dim=512, device_id=0, disable_validation=False, distributed_backend='nccl', distributed_init_method=None, distributed_no_spawn=False, distributed_num_procs=2, distributed_port=-1, distributed_rank=0, distributed_world_size=2, dropout=0.1, ema_decay=0.9999, ema_fp32=False, ema_seed_model=None, ema_start_update=0, ema_update_freq=1, empty_cache_freq=0, encoder_attention_heads=8, encoder_embed_dim=512, encoder_embed_path=None, encoder_ffn_embed_dim=2048, encoder_layerdrop=0, encoder_layers=6, encoder_layers_to_keep=None, encoder_learned_pos=False, encoder_normalize_before=True, eos=2, eval_bleu=False, eval_bleu_args='{}', eval_bleu_detok='space', eval_bleu_detok_args='{}', eval_bleu_print_samples=False, eval_bleu_remove_bpe=None, eval_tokenized_bleu=False, fast_stat_sync=False, find_unused_parameters=False, finetune_from_model=None, fix_batches_to_gpus=False, fixed_validation_seed=None, fp16=True, fp16_adam_stats=False, fp16_init_scale=128, fp16_no_flatten_grads=False, fp16_scale_tolerance=0.0, fp16_scale_window=None, fp32_reduce_scatter=False, gen_subset='test', gradient_as_bucket_view=False, grouped_shuffling=False, heartbeat_timeout=-1, ignore_prefix_size=0, ignore_unused_valid_subsets=False, keep_best_checkpoints=-1, keep_interval_updates=-1, keep_interval_updates_pattern=-1, keep_last_epochs=10, label_smoothing=0.1, layernorm_embedding=False, left_pad_source=True, left_pad_target=False, load_alignments=False, load_checkpoint_on_all_dp_ranks=False, localsgd_frequency=3, log_file=None, log_format=None, log_interval=100, lr=[0.002], lr_scheduler='inverse_sqrt', max_epoch=30, max_tokens=8192, max_tokens_valid=8192, max_update=0, max_valid_steps=None, maximize_best_checkpoint_metric=False, memory_efficient_bf16=False, memory_efficient_fp16=False, merge_src_tgt_embed=False, min_loss_scale=0.0001, model_parallel_size=1, no_cross_attention=False, no_epoch_checkpoints=False, no_last_checkpoints=False, no_progress_bar=True, no_reshard_after_forward=False, no_save=False, no_save_optimizer_state=False, no_scale_embedding=False, no_seed_provided=False, no_token_positional_embeddings=False, not_fsdp_flatten_parameters=False, nprocs_per_node=2, num_batch_buckets=0, num_shards=1, num_workers=1, offload_activations=False, on_cpu_convert_precision=False, optimizer='adam', optimizer_overrides='{}', pad=1, patience=-1, pipeline_balance=None, pipeline_checkpoint='never', pipeline_chunks=0, pipeline_decoder_balance=None, pipeline_decoder_devices=None, pipeline_devices=None, pipeline_encoder_balance=None, pipeline_encoder_devices=None, pipeline_model_parallel=False, plasma_path='/tmp/plasma', profile=False, quant_noise_pq=0, quant_noise_pq_block_size=8, quant_noise_scalar=0, quantization_config_path=None, report_accuracy=False, required_batch_size_multiple=8, required_seq_len_multiple=1, reset_dataloader=False, reset_logging=False, reset_lr_scheduler=False, reset_meters=False, reset_optimizer=False, restore_file='checkpoint_last.pt', save_dir='checkpoints/wmt-en2de/ende-baseline-mustc-ft', save_interval=1, save_interval_updates=0, scoring='bleu', seed=1, sentence_avg=False, shard_id=0, share_all_embeddings=True, share_decoder_input_output_embed=True, simul_type=None, skip_invalid_size_inputs_valid_test=False, skip_remainder_batch=False, slowmo_base_algorithm='localsgd', slowmo_momentum=None, source_lang='en', stop_min_lr=-1.0, stop_time_hours=0, store_ema=False, suppress_crashes=False, target_lang='de', task='translation', tensorboard_logdir='checkpoints/wmt-en2de/ende-baseline-mustc-ft', threshold_loss_scale=None, tie_adaptive_weights=False, tokenizer=None, tpu=False, train_config=None, train_subset='train', truncate_source=False, unk=3, update_epoch_batch_itr=False, update_freq=[1], update_ordered_indices_seed=False, upsample_primary=-1, use_bmuf=False, use_old_adam=False, use_plasma_view=False, use_sharded_state=False, user_dir=None, valid_subset='valid', validate_after_updates=0, validate_interval=1, validate_interval_updates=0, wandb_project=None, warmup_init_lr=1e-07, warmup_updates=16000, weight_decay=0.0, write_checkpoints_asynchronously=False, zero_sharding='none'), 'task': {'_name': 'translation', 'data': 'data-bin/mustc-ende-lc', 'source_lang': 'en', 'target_lang': 'de', 'load_alignments': False, 'left_pad_source': True, 'left_pad_target': False, 'max_source_positions': 1024, 'max_target_positions': 1024, 'upsample_primary': -1, 'truncate_source': False, 'num_batch_buckets': 0, 'train_subset': 'train', 'dataset_impl': None, 'required_seq_len_multiple': 1, 'eval_bleu': False, 'eval_bleu_args': '{}', 'eval_bleu_detok': 'space', 'eval_bleu_detok_args': '{}', 'eval_tokenized_bleu': False, 'eval_bleu_remove_bpe': None, 'eval_bleu_print_samples': False}, 'criterion': {'_name': 'label_smoothed_cross_entropy', 'label_smoothing': 0.1, 'report_accuracy': False, 'ignore_prefix_size': 0, 'sentence_avg': False}, 'optimizer': {'_name': 'adam', 'adam_betas': '(0.9, 0.997)', 'adam_eps': 1e-08, 'weight_decay': 0.0, 'use_old_adam': False, 'fp16_adam_stats': False, 'tpu': False, 'lr': [0.002]}, 'lr_scheduler': {'_name': 'inverse_sqrt', 'warmup_updates': 16000, 'warmup_init_lr': 1e-07, 'lr': [0.002]}, 'scoring': {'_name': 'bleu', 'pad': 1, 'eos': 2, 'unk': 3}, 'bpe': None, 'tokenizer': None, 'ema': {'_name': None, 'store_ema': False, 'ema_decay': 0.9999, 'ema_start_update': 0, 'ema_seed_model': None, 'ema_update_freq': 1, 'ema_fp32': False}, 'simul_type': None}
2023-08-12 22:17:19 | INFO | fairseq.tasks.translation | [en] dictionary: 10000 types
2023-08-12 22:17:19 | INFO | fairseq.tasks.translation | [de] dictionary: 10000 types
2023-08-12 22:17:19 | INFO | fairseq_cli.train | TransformerModel(
  (encoder): TransformerEncoderBase(
    (dropout_module): FairseqDropout()
    (embed_tokens): Embedding(10000, 512, padding_idx=1)
    (embed_positions): SinusoidalPositionalEmbedding()
    (layers): ModuleList(
      (0): TransformerEncoderLayerBase(
        (self_attn): MultiheadAttention(
          (dropout_module): FairseqDropout()
          (k_proj): Linear(in_features=512, out_features=512, bias=True)
          (v_proj): Linear(in_features=512, out_features=512, bias=True)
          (q_proj): Linear(in_features=512, out_features=512, bias=True)
          (out_proj): Linear(in_features=512, out_features=512, bias=True)
        )
        (self_attn_layer_norm): FusedLayerNorm(torch.Size([512]), eps=1e-05, elementwise_affine=True)
        (dropout_module): FairseqDropout()
        (activation_dropout_module): FairseqDropout()
        (fc1): Linear(in_features=512, out_features=2048, bias=True)
        (fc2): Linear(in_features=2048, out_features=512, bias=True)
        (final_layer_norm): FusedLayerNorm(torch.Size([512]), eps=1e-05, elementwise_affine=True)
      )
      (1): TransformerEncoderLayerBase(
        (self_attn): MultiheadAttention(
          (dropout_module): FairseqDropout()
          (k_proj): Linear(in_features=512, out_features=512, bias=True)
          (v_proj): Linear(in_features=512, out_features=512, bias=True)
          (q_proj): Linear(in_features=512, out_features=512, bias=True)
          (out_proj): Linear(in_features=512, out_features=512, bias=True)
        )
        (self_attn_layer_norm): FusedLayerNorm(torch.Size([512]), eps=1e-05, elementwise_affine=True)
        (dropout_module): FairseqDropout()
        (activation_dropout_module): FairseqDropout()
        (fc1): Linear(in_features=512, out_features=2048, bias=True)
        (fc2): Linear(in_features=2048, out_features=512, bias=True)
        (final_layer_norm): FusedLayerNorm(torch.Size([512]), eps=1e-05, elementwise_affine=True)
      )
      (2): TransformerEncoderLayerBase(
        (self_attn): MultiheadAttention(
          (dropout_module): FairseqDropout()
          (k_proj): Linear(in_features=512, out_features=512, bias=True)
          (v_proj): Linear(in_features=512, out_features=512, bias=True)
          (q_proj): Linear(in_features=512, out_features=512, bias=True)
          (out_proj): Linear(in_features=512, out_features=512, bias=True)
        )
        (self_attn_layer_norm): FusedLayerNorm(torch.Size([512]), eps=1e-05, elementwise_affine=True)
        (dropout_module): FairseqDropout()
        (activation_dropout_module): FairseqDropout()
        (fc1): Linear(in_features=512, out_features=2048, bias=True)
        (fc2): Linear(in_features=2048, out_features=512, bias=True)
        (final_layer_norm): FusedLayerNorm(torch.Size([512]), eps=1e-05, elementwise_affine=True)
      )
      (3): TransformerEncoderLayerBase(
        (self_attn): MultiheadAttention(
          (dropout_module): FairseqDropout()
          (k_proj): Linear(in_features=512, out_features=512, bias=True)
          (v_proj): Linear(in_features=512, out_features=512, bias=True)
          (q_proj): Linear(in_features=512, out_features=512, bias=True)
          (out_proj): Linear(in_features=512, out_features=512, bias=True)
        )
        (self_attn_layer_norm): FusedLayerNorm(torch.Size([512]), eps=1e-05, elementwise_affine=True)
        (dropout_module): FairseqDropout()
        (activation_dropout_module): FairseqDropout()
        (fc1): Linear(in_features=512, out_features=2048, bias=True)
        (fc2): Linear(in_features=2048, out_features=512, bias=True)
        (final_layer_norm): FusedLayerNorm(torch.Size([512]), eps=1e-05, elementwise_affine=True)
      )
      (4): TransformerEncoderLayerBase(
        (self_attn): MultiheadAttention(
          (dropout_module): FairseqDropout()
          (k_proj): Linear(in_features=512, out_features=512, bias=True)
          (v_proj): Linear(in_features=512, out_features=512, bias=True)
          (q_proj): Linear(in_features=512, out_features=512, bias=True)
          (out_proj): Linear(in_features=512, out_features=512, bias=True)
        )
        (self_attn_layer_norm): FusedLayerNorm(torch.Size([512]), eps=1e-05, elementwise_affine=True)
        (dropout_module): FairseqDropout()
        (activation_dropout_module): FairseqDropout()
        (fc1): Linear(in_features=512, out_features=2048, bias=True)
        (fc2): Linear(in_features=2048, out_features=512, bias=True)
        (final_layer_norm): FusedLayerNorm(torch.Size([512]), eps=1e-05, elementwise_affine=True)
      )
      (5): TransformerEncoderLayerBase(
        (self_attn): MultiheadAttention(
          (dropout_module): FairseqDropout()
          (k_proj): Linear(in_features=512, out_features=512, bias=True)
          (v_proj): Linear(in_features=512, out_features=512, bias=True)
          (q_proj): Linear(in_features=512, out_features=512, bias=True)
          (out_proj): Linear(in_features=512, out_features=512, bias=True)
        )
        (self_attn_layer_norm): FusedLayerNorm(torch.Size([512]), eps=1e-05, elementwise_affine=True)
        (dropout_module): FairseqDropout()
        (activation_dropout_module): FairseqDropout()
        (fc1): Linear(in_features=512, out_features=2048, bias=True)
        (fc2): Linear(in_features=2048, out_features=512, bias=True)
        (final_layer_norm): FusedLayerNorm(torch.Size([512]), eps=1e-05, elementwise_affine=True)
      )
    )
    (layer_norm): FusedLayerNorm(torch.Size([512]), eps=1e-05, elementwise_affine=True)
  )
  (decoder): TransformerDecoderBase(
    (dropout_module): FairseqDropout()
    (embed_tokens): Embedding(10000, 512, padding_idx=1)
    (embed_positions): SinusoidalPositionalEmbedding()
    (layers): ModuleList(
      (0): TransformerDecoderLayerBase(
        (dropout_module): FairseqDropout()
        (self_attn): MultiheadAttention(
          (dropout_module): FairseqDropout()
          (k_proj): Linear(in_features=512, out_features=512, bias=True)
          (v_proj): Linear(in_features=512, out_features=512, bias=True)
          (q_proj): Linear(in_features=512, out_features=512, bias=True)
          (out_proj): Linear(in_features=512, out_features=512, bias=True)
        )
        (activation_dropout_module): FairseqDropout()
        (self_attn_layer_norm): FusedLayerNorm(torch.Size([512]), eps=1e-05, elementwise_affine=True)
        (encoder_attn): MultiheadAttention(
          (dropout_module): FairseqDropout()
          (k_proj): Linear(in_features=512, out_features=512, bias=True)
          (v_proj): Linear(in_features=512, out_features=512, bias=True)
          (q_proj): Linear(in_features=512, out_features=512, bias=True)
          (out_proj): Linear(in_features=512, out_features=512, bias=True)
        )
        (encoder_attn_layer_norm): FusedLayerNorm(torch.Size([512]), eps=1e-05, elementwise_affine=True)
        (fc1): Linear(in_features=512, out_features=2048, bias=True)
        (fc2): Linear(in_features=2048, out_features=512, bias=True)
        (final_layer_norm): FusedLayerNorm(torch.Size([512]), eps=1e-05, elementwise_affine=True)
      )
      (1): TransformerDecoderLayerBase(
        (dropout_module): FairseqDropout()
        (self_attn): MultiheadAttention(
          (dropout_module): FairseqDropout()
          (k_proj): Linear(in_features=512, out_features=512, bias=True)
          (v_proj): Linear(in_features=512, out_features=512, bias=True)
          (q_proj): Linear(in_features=512, out_features=512, bias=True)
          (out_proj): Linear(in_features=512, out_features=512, bias=True)
        )
        (activation_dropout_module): FairseqDropout()
        (self_attn_layer_norm): FusedLayerNorm(torch.Size([512]), eps=1e-05, elementwise_affine=True)
        (encoder_attn): MultiheadAttention(
          (dropout_module): FairseqDropout()
          (k_proj): Linear(in_features=512, out_features=512, bias=True)
          (v_proj): Linear(in_features=512, out_features=512, bias=True)
          (q_proj): Linear(in_features=512, out_features=512, bias=True)
          (out_proj): Linear(in_features=512, out_features=512, bias=True)
        )
        (encoder_attn_layer_norm): FusedLayerNorm(torch.Size([512]), eps=1e-05, elementwise_affine=True)
        (fc1): Linear(in_features=512, out_features=2048, bias=True)
        (fc2): Linear(in_features=2048, out_features=512, bias=True)
        (final_layer_norm): FusedLayerNorm(torch.Size([512]), eps=1e-05, elementwise_affine=True)
      )
      (2): TransformerDecoderLayerBase(
        (dropout_module): FairseqDropout()
        (self_attn): MultiheadAttention(
          (dropout_module): FairseqDropout()
          (k_proj): Linear(in_features=512, out_features=512, bias=True)
          (v_proj): Linear(in_features=512, out_features=512, bias=True)
          (q_proj): Linear(in_features=512, out_features=512, bias=True)
          (out_proj): Linear(in_features=512, out_features=512, bias=True)
        )
        (activation_dropout_module): FairseqDropout()
        (self_attn_layer_norm): FusedLayerNorm(torch.Size([512]), eps=1e-05, elementwise_affine=True)
        (encoder_attn): MultiheadAttention(
          (dropout_module): FairseqDropout()
          (k_proj): Linear(in_features=512, out_features=512, bias=True)
          (v_proj): Linear(in_features=512, out_features=512, bias=True)
          (q_proj): Linear(in_features=512, out_features=512, bias=True)
          (out_proj): Linear(in_features=512, out_features=512, bias=True)
        )
        (encoder_attn_layer_norm): FusedLayerNorm(torch.Size([512]), eps=1e-05, elementwise_affine=True)
        (fc1): Linear(in_features=512, out_features=2048, bias=True)
        (fc2): Linear(in_features=2048, out_features=512, bias=True)
        (final_layer_norm): FusedLayerNorm(torch.Size([512]), eps=1e-05, elementwise_affine=True)
      )
      (3): TransformerDecoderLayerBase(
        (dropout_module): FairseqDropout()
        (self_attn): MultiheadAttention(
          (dropout_module): FairseqDropout()
          (k_proj): Linear(in_features=512, out_features=512, bias=True)
          (v_proj): Linear(in_features=512, out_features=512, bias=True)
          (q_proj): Linear(in_features=512, out_features=512, bias=True)
          (out_proj): Linear(in_features=512, out_features=512, bias=True)
        )
        (activation_dropout_module): FairseqDropout()
        (self_attn_layer_norm): FusedLayerNorm(torch.Size([512]), eps=1e-05, elementwise_affine=True)
        (encoder_attn): MultiheadAttention(
          (dropout_module): FairseqDropout()
          (k_proj): Linear(in_features=512, out_features=512, bias=True)
          (v_proj): Linear(in_features=512, out_features=512, bias=True)
          (q_proj): Linear(in_features=512, out_features=512, bias=True)
          (out_proj): Linear(in_features=512, out_features=512, bias=True)
        )
        (encoder_attn_layer_norm): FusedLayerNorm(torch.Size([512]), eps=1e-05, elementwise_affine=True)
        (fc1): Linear(in_features=512, out_features=2048, bias=True)
        (fc2): Linear(in_features=2048, out_features=512, bias=True)
        (final_layer_norm): FusedLayerNorm(torch.Size([512]), eps=1e-05, elementwise_affine=True)
      )
      (4): TransformerDecoderLayerBase(
        (dropout_module): FairseqDropout()
        (self_attn): MultiheadAttention(
          (dropout_module): FairseqDropout()
          (k_proj): Linear(in_features=512, out_features=512, bias=True)
          (v_proj): Linear(in_features=512, out_features=512, bias=True)
          (q_proj): Linear(in_features=512, out_features=512, bias=True)
          (out_proj): Linear(in_features=512, out_features=512, bias=True)
        )
        (activation_dropout_module): FairseqDropout()
        (self_attn_layer_norm): FusedLayerNorm(torch.Size([512]), eps=1e-05, elementwise_affine=True)
        (encoder_attn): MultiheadAttention(
          (dropout_module): FairseqDropout()
          (k_proj): Linear(in_features=512, out_features=512, bias=True)
          (v_proj): Linear(in_features=512, out_features=512, bias=True)
          (q_proj): Linear(in_features=512, out_features=512, bias=True)
          (out_proj): Linear(in_features=512, out_features=512, bias=True)
        )
        (encoder_attn_layer_norm): FusedLayerNorm(torch.Size([512]), eps=1e-05, elementwise_affine=True)
        (fc1): Linear(in_features=512, out_features=2048, bias=True)
        (fc2): Linear(in_features=2048, out_features=512, bias=True)
        (final_layer_norm): FusedLayerNorm(torch.Size([512]), eps=1e-05, elementwise_affine=True)
      )
      (5): TransformerDecoderLayerBase(
        (dropout_module): FairseqDropout()
        (self_attn): MultiheadAttention(
          (dropout_module): FairseqDropout()
          (k_proj): Linear(in_features=512, out_features=512, bias=True)
          (v_proj): Linear(in_features=512, out_features=512, bias=True)
          (q_proj): Linear(in_features=512, out_features=512, bias=True)
          (out_proj): Linear(in_features=512, out_features=512, bias=True)
        )
        (activation_dropout_module): FairseqDropout()
        (self_attn_layer_norm): FusedLayerNorm(torch.Size([512]), eps=1e-05, elementwise_affine=True)
        (encoder_attn): MultiheadAttention(
          (dropout_module): FairseqDropout()
          (k_proj): Linear(in_features=512, out_features=512, bias=True)
          (v_proj): Linear(in_features=512, out_features=512, bias=True)
          (q_proj): Linear(in_features=512, out_features=512, bias=True)
          (out_proj): Linear(in_features=512, out_features=512, bias=True)
        )
        (encoder_attn_layer_norm): FusedLayerNorm(torch.Size([512]), eps=1e-05, elementwise_affine=True)
        (fc1): Linear(in_features=512, out_features=2048, bias=True)
        (fc2): Linear(in_features=2048, out_features=512, bias=True)
        (final_layer_norm): FusedLayerNorm(torch.Size([512]), eps=1e-05, elementwise_affine=True)
      )
    )
    (layer_norm): FusedLayerNorm(torch.Size([512]), eps=1e-05, elementwise_affine=True)
    (output_projection): Linear(in_features=512, out_features=10000, bias=False)
  )
)
2023-08-12 22:17:19 | INFO | fairseq_cli.train | task: TranslationTask
2023-08-12 22:17:19 | INFO | fairseq_cli.train | model: TransformerModel
2023-08-12 22:17:19 | INFO | fairseq_cli.train | criterion: LabelSmoothedCrossEntropyCriterion
2023-08-12 22:17:19 | INFO | fairseq_cli.train | num. shared model params: 49,260,544 (num. trained: 49,260,544)
2023-08-12 22:17:19 | INFO | fairseq_cli.train | num. expert model params: 0 (num. trained: 0)
2023-08-12 22:17:19 | INFO | fairseq.data.data_utils | loaded 1,423 examples from: data-bin/mustc-ende-lc/valid.en-de.en
2023-08-12 22:17:19 | INFO | fairseq.data.data_utils | loaded 1,423 examples from: data-bin/mustc-ende-lc/valid.en-de.de
2023-08-12 22:17:19 | INFO | fairseq.tasks.translation | data-bin/mustc-ende-lc valid en-de 1423 examples
2023-08-12 22:17:19 | INFO | torch.distributed.distributed_c10d | Added key: store_based_barrier_key:2 to store for rank: 0
2023-08-12 22:17:19 | INFO | torch.distributed.distributed_c10d | Rank 0: Completed store-based barrier for key:store_based_barrier_key:2 with 2 nodes.
2023-08-12 22:17:19 | INFO | fairseq.trainer | detected shared parameter: encoder.embed_tokens.weight <- decoder.embed_tokens.weight
2023-08-12 22:17:19 | INFO | fairseq.trainer | detected shared parameter: encoder.embed_tokens.weight <- decoder.output_projection.weight
2023-08-12 22:17:19 | INFO | fairseq.utils | ***********************CUDA enviroments for all 2 workers***********************
2023-08-12 22:17:19 | INFO | fairseq.utils | rank   0: capabilities =  8.6  ; total memory = 23.700 GB ; name = NVIDIA GeForce RTX 3090                 
2023-08-12 22:17:19 | INFO | fairseq.utils | rank   1: capabilities =  8.6  ; total memory = 23.700 GB ; name = NVIDIA GeForce RTX 3090                 
2023-08-12 22:17:19 | INFO | fairseq.utils | ***********************CUDA enviroments for all 2 workers***********************
2023-08-12 22:17:19 | INFO | fairseq_cli.train | training on 2 devices (GPUs/TPUs)
2023-08-12 22:17:19 | INFO | fairseq_cli.train | max tokens per device = 8192 and max sentences per device = None
2023-08-12 22:17:19 | INFO | fairseq.trainer | Preparing to load checkpoint checkpoints/wmt-en2de/ende-baseline-mustc-ft/checkpoint_last.pt
2023-08-12 22:17:20 | INFO | fairseq.trainer | load the task parameters
2023-08-12 22:17:20 | INFO | fairseq.optim.adam | using FusedAdam
2023-08-12 22:17:21 | INFO | fairseq.trainer | Loaded checkpoint checkpoints/wmt-en2de/ende-baseline-mustc-ft/checkpoint_last.pt (epoch 25 @ 73312 updates)
2023-08-12 22:17:21 | INFO | fairseq.trainer | loading train data for epoch 25
2023-08-12 22:17:21 | INFO | fairseq.data.data_utils | loaded 229,703 examples from: data-bin/mustc-ende-lc/train.en-de.en
2023-08-12 22:17:21 | INFO | fairseq.data.data_utils | loaded 229,703 examples from: data-bin/mustc-ende-lc/train.en-de.de
2023-08-12 22:17:21 | INFO | fairseq.tasks.translation | data-bin/mustc-ende-lc train en-de 229703 examples
2023-08-12 22:17:21 | INFO | fairseq.data.iterators | grouped total_num_itrs = 457
2023-08-12 22:17:21 | INFO | fairseq.trainer | begin training epoch 25
2023-08-12 22:17:21 | INFO | fairseq_cli.train | Start iterating over samples
2023-08-12 22:17:34 | INFO | train_inner | epoch 025:     88 / 457 loss=3.457, nll_loss=1.949, ppl=3.86, wps=120552, ups=8.64, wpb=13899.3, bsz=548.2, num_updates=73400, lr=0.000933774, gnorm=0.343, loss_scale=8, train_wall=11, gb_free=20.2, wall=14
2023-08-12 22:17:46 | INFO | train_inner | epoch 025:    188 / 457 loss=3.499, nll_loss=1.996, ppl=3.99, wps=111241, ups=8.27, wpb=13450.3, bsz=497.8, num_updates=73500, lr=0.000933139, gnorm=0.313, loss_scale=8, train_wall=12, gb_free=20.3, wall=27
2023-08-12 22:17:58 | INFO | train_inner | epoch 025:    288 / 457 loss=3.481, nll_loss=1.976, ppl=3.93, wps=116837, ups=8.64, wpb=13524.7, bsz=460.7, num_updates=73600, lr=0.000932505, gnorm=0.3, loss_scale=8, train_wall=11, gb_free=20.3, wall=38
2023-08-12 22:18:10 | INFO | train_inner | epoch 025:    388 / 457 loss=3.447, nll_loss=1.938, ppl=3.83, wps=117064, ups=8.43, wpb=13891.9, bsz=543.7, num_updates=73700, lr=0.000931872, gnorm=0.318, loss_scale=8, train_wall=12, gb_free=20.3, wall=50
2023-08-12 22:18:17 | INFO | fairseq_cli.train | begin validation on "valid" subset
2023-08-12 22:18:20 | INFO | valid | epoch 025 | valid on 'valid' subset | loss 3.46 | nll_loss 1.92 | ppl 3.78 | wps 203923 | wpb 6675.5 | bsz 237.2 | num_updates 73769 | best_loss 3.46
2023-08-12 22:18:20 | INFO | fairseq.checkpoint_utils | Preparing to save checkpoint for epoch 25 @ 73769 updates
2023-08-12 22:18:20 | INFO | fairseq.trainer | Saving checkpoint to /mnt/zhangyh/fairseq-AT/egs/machine_translation/checkpoints/wmt-en2de/ende-baseline-mustc-ft/checkpoint25.pt
2023-08-12 22:18:21 | INFO | fairseq.trainer | Finished saving checkpoint to /mnt/zhangyh/fairseq-AT/egs/machine_translation/checkpoints/wmt-en2de/ende-baseline-mustc-ft/checkpoint25.pt
2023-08-12 22:18:29 | INFO | fairseq.checkpoint_utils | Saved checkpoint checkpoints/wmt-en2de/ende-baseline-mustc-ft/checkpoint25.pt (epoch 25 @ 73769 updates, score 3.46) (writing took 9.238166525959969 seconds)
2023-08-12 22:18:30 | INFO | fairseq_cli.train | end of epoch 25 (average epoch stats below)
2023-08-12 22:18:30 | INFO | train | epoch 025 | loss 3.471 | nll_loss 1.965 | ppl 3.9 | wps 94727 | ups 6.95 | wpb 13618.7 | bsz 502.6 | num_updates 73769 | lr 0.000931436 | gnorm 0.314 | loss_scale 8 | train_wall 54 | gb_free 21.1 | wall 70
2023-08-12 22:18:30 | INFO | fairseq.data.iterators | grouped total_num_itrs = 457
2023-08-12 22:18:30 | INFO | fairseq.trainer | begin training epoch 26
2023-08-12 22:18:30 | INFO | fairseq_cli.train | Start iterating over samples
2023-08-12 22:18:36 | INFO | train_inner | epoch 026:     31 / 457 loss=3.419, nll_loss=1.906, ppl=3.75, wps=51433.5, ups=3.83, wpb=13426.7, bsz=484.6, num_updates=73800, lr=0.00093124, gnorm=0.304, loss_scale=8, train_wall=11, gb_free=20.5, wall=76
2023-08-12 22:18:47 | INFO | train_inner | epoch 026:    131 / 457 loss=3.298, nll_loss=1.766, ppl=3.4, wps=120805, ups=8.77, wpb=13767.9, bsz=493.9, num_updates=73900, lr=0.00093061, gnorm=0.242, loss_scale=8, train_wall=11, gb_free=20.5, wall=88
2023-08-12 22:18:58 | INFO | train_inner | epoch 026:    231 / 457 loss=3.327, nll_loss=1.798, ppl=3.48, wps=118769, ups=8.76, wpb=13554.2, bsz=453, num_updates=74000, lr=0.000929981, gnorm=0.244, loss_scale=8, train_wall=11, gb_free=20.5, wall=99
2023-08-12 22:19:10 | INFO | train_inner | epoch 026:    331 / 457 loss=3.309, nll_loss=1.779, ppl=3.43, wps=123696, ups=8.97, wpb=13791.4, bsz=512.1, num_updates=74100, lr=0.000929353, gnorm=0.249, loss_scale=8, train_wall=11, gb_free=20.4, wall=110
2023-08-12 22:19:21 | INFO | train_inner | epoch 026:    431 / 457 loss=3.315, nll_loss=1.786, ppl=3.45, wps=118930, ups=8.68, wpb=13697.4, bsz=539.8, num_updates=74200, lr=0.000928727, gnorm=0.246, loss_scale=8, train_wall=11, gb_free=20.3, wall=122
2023-08-12 22:19:24 | INFO | fairseq_cli.train | begin validation on "valid" subset
2023-08-12 22:19:27 | INFO | valid | epoch 026 | valid on 'valid' subset | loss 3.476 | nll_loss 1.935 | ppl 3.82 | wps 205019 | wpb 6675.5 | bsz 237.2 | num_updates 74226 | best_loss 3.46
2023-08-12 22:19:27 | INFO | fairseq.checkpoint_utils | Preparing to save checkpoint for epoch 26 @ 74226 updates
2023-08-12 22:19:27 | INFO | fairseq.trainer | Saving checkpoint to /mnt/zhangyh/fairseq-AT/egs/machine_translation/checkpoints/wmt-en2de/ende-baseline-mustc-ft/checkpoint26.pt
2023-08-12 22:19:28 | INFO | fairseq.trainer | Finished saving checkpoint to /mnt/zhangyh/fairseq-AT/egs/machine_translation/checkpoints/wmt-en2de/ende-baseline-mustc-ft/checkpoint26.pt
2023-08-12 22:19:32 | INFO | fairseq.checkpoint_utils | Saved checkpoint checkpoints/wmt-en2de/ende-baseline-mustc-ft/checkpoint26.pt (epoch 26 @ 74226 updates, score 3.476) (writing took 5.161450382322073 seconds)
2023-08-12 22:19:32 | INFO | fairseq_cli.train | end of epoch 26 (average epoch stats below)
2023-08-12 22:19:32 | INFO | train | epoch 026 | loss 3.314 | nll_loss 1.784 | ppl 3.44 | wps 99439 | ups 7.3 | wpb 13618.7 | bsz 502.6 | num_updates 74226 | lr 0.000928564 | gnorm 0.256 | loss_scale 8 | train_wall 51 | gb_free 20.2 | wall 133
2023-08-12 22:19:32 | INFO | fairseq.data.iterators | grouped total_num_itrs = 457
2023-08-12 22:19:32 | INFO | fairseq.trainer | begin training epoch 27
2023-08-12 22:19:32 | INFO | fairseq_cli.train | Start iterating over samples
2023-08-12 22:19:43 | INFO | train_inner | epoch 027:     74 / 457 loss=3.229, nll_loss=1.686, ppl=3.22, wps=62122.6, ups=4.61, wpb=13489.8, bsz=528.2, num_updates=74300, lr=0.000928102, gnorm=0.254, loss_scale=8, train_wall=11, gb_free=20.3, wall=143
2023-08-12 22:19:54 | INFO | train_inner | epoch 027:    174 / 457 loss=3.242, nll_loss=1.7, ppl=3.25, wps=118073, ups=8.6, wpb=13721.6, bsz=536.6, num_updates=74400, lr=0.000927478, gnorm=0.272, loss_scale=8, train_wall=11, gb_free=20.2, wall=155
2023-08-12 22:20:06 | INFO | train_inner | epoch 027:    274 / 457 loss=3.244, nll_loss=1.702, ppl=3.25, wps=119110, ups=8.77, wpb=13584.5, bsz=506.6, num_updates=74500, lr=0.000926855, gnorm=0.26, loss_scale=8, train_wall=11, gb_free=20.1, wall=166
2023-08-12 22:20:17 | INFO | train_inner | epoch 027:    374 / 457 loss=3.249, nll_loss=1.708, ppl=3.27, wps=117582, ups=8.82, wpb=13331, bsz=471.2, num_updates=74600, lr=0.000926234, gnorm=0.277, loss_scale=8, train_wall=11, gb_free=20.3, wall=178
2023-08-12 22:20:27 | INFO | fairseq_cli.train | begin validation on "valid" subset
2023-08-12 22:20:30 | INFO | valid | epoch 027 | valid on 'valid' subset | loss 3.469 | nll_loss 1.924 | ppl 3.8 | wps 39944.2 | wpb 6675.5 | bsz 237.2 | num_updates 74683 | best_loss 3.46
2023-08-12 22:20:30 | INFO | fairseq.checkpoint_utils | Preparing to save checkpoint for epoch 27 @ 74683 updates
2023-08-12 22:20:30 | INFO | fairseq.trainer | Saving checkpoint to /mnt/zhangyh/fairseq-AT/egs/machine_translation/checkpoints/wmt-en2de/ende-baseline-mustc-ft/checkpoint27.pt
2023-08-12 22:20:31 | INFO | fairseq.trainer | Finished saving checkpoint to /mnt/zhangyh/fairseq-AT/egs/machine_translation/checkpoints/wmt-en2de/ende-baseline-mustc-ft/checkpoint27.pt
2023-08-12 22:20:34 | INFO | fairseq.checkpoint_utils | Saved checkpoint checkpoints/wmt-en2de/ende-baseline-mustc-ft/checkpoint27.pt (epoch 27 @ 74683 updates, score 3.469) (writing took 4.841983610764146 seconds)
2023-08-12 22:20:35 | INFO | fairseq_cli.train | end of epoch 27 (average epoch stats below)
2023-08-12 22:20:35 | INFO | train | epoch 027 | loss 3.24 | nll_loss 1.698 | ppl 3.24 | wps 99163.1 | ups 7.28 | wpb 13618.7 | bsz 502.6 | num_updates 74683 | lr 0.000925719 | gnorm 0.261 | loss_scale 8 | train_wall 52 | gb_free 20.4 | wall 195
2023-08-12 22:20:35 | INFO | fairseq.data.iterators | grouped total_num_itrs = 457
2023-08-12 22:20:35 | INFO | fairseq.trainer | begin training epoch 28
2023-08-12 22:20:35 | INFO | fairseq_cli.train | Start iterating over samples
2023-08-12 22:20:39 | INFO | train_inner | epoch 028:     17 / 457 loss=3.24, nll_loss=1.698, ppl=3.24, wps=61486.3, ups=4.53, wpb=13579.5, bsz=475.1, num_updates=74700, lr=0.000925614, gnorm=0.256, loss_scale=8, train_wall=11, gb_free=20.3, wall=200
2023-08-12 22:20:51 | INFO | train_inner | epoch 028:    117 / 457 loss=3.16, nll_loss=1.603, ppl=3.04, wps=115782, ups=8.68, wpb=13336.9, bsz=489.8, num_updates=74800, lr=0.000924995, gnorm=0.263, loss_scale=8, train_wall=11, gb_free=20.3, wall=211
2023-08-12 22:21:02 | INFO | train_inner | epoch 028:    217 / 457 loss=3.17, nll_loss=1.615, ppl=3.06, wps=121329, ups=8.75, wpb=13866.3, bsz=493.4, num_updates=74900, lr=0.000924377, gnorm=0.261, loss_scale=8, train_wall=11, gb_free=20.6, wall=223
2023-08-12 22:21:14 | INFO | train_inner | epoch 028:    317 / 457 loss=3.2, nll_loss=1.65, ppl=3.14, wps=117187, ups=8.75, wpb=13385.8, bsz=530.6, num_updates=75000, lr=0.00092376, gnorm=0.255, loss_scale=8, train_wall=11, gb_free=20.3, wall=234
2023-08-12 22:21:26 | INFO | train_inner | epoch 028:    417 / 457 loss=3.197, nll_loss=1.647, ppl=3.13, wps=113865, ups=8.37, wpb=13609, bsz=484.6, num_updates=75100, lr=0.000923145, gnorm=0.245, loss_scale=8, train_wall=12, gb_free=20.4, wall=246
2023-08-12 22:21:31 | INFO | fairseq_cli.train | begin validation on "valid" subset
2023-08-12 22:21:33 | INFO | valid | epoch 028 | valid on 'valid' subset | loss 3.469 | nll_loss 1.927 | ppl 3.8 | wps 131424 | wpb 6675.5 | bsz 237.2 | num_updates 75140 | best_loss 3.46
2023-08-12 22:21:33 | INFO | fairseq.checkpoint_utils | Preparing to save checkpoint for epoch 28 @ 75140 updates
2023-08-12 22:21:33 | INFO | fairseq.trainer | Saving checkpoint to /mnt/zhangyh/fairseq-AT/egs/machine_translation/checkpoints/wmt-en2de/ende-baseline-mustc-ft/checkpoint28.pt
2023-08-12 22:21:34 | INFO | fairseq.trainer | Finished saving checkpoint to /mnt/zhangyh/fairseq-AT/egs/machine_translation/checkpoints/wmt-en2de/ende-baseline-mustc-ft/checkpoint28.pt
2023-08-12 22:21:38 | INFO | fairseq.checkpoint_utils | Saved checkpoint checkpoints/wmt-en2de/ende-baseline-mustc-ft/checkpoint28.pt (epoch 28 @ 75140 updates, score 3.469) (writing took 4.918539712205529 seconds)
2023-08-12 22:21:38 | INFO | fairseq_cli.train | end of epoch 28 (average epoch stats below)
2023-08-12 22:21:38 | INFO | train | epoch 028 | loss 3.179 | nll_loss 1.626 | ppl 3.09 | wps 98233.5 | ups 7.21 | wpb 13618.7 | bsz 502.6 | num_updates 75140 | lr 0.000922899 | gnorm 0.254 | loss_scale 8 | train_wall 52 | gb_free 20.3 | wall 259
2023-08-12 22:21:38 | INFO | fairseq.data.iterators | grouped total_num_itrs = 457
2023-08-12 22:21:38 | INFO | fairseq.trainer | begin training epoch 29
2023-08-12 22:21:38 | INFO | fairseq_cli.train | Start iterating over samples
2023-08-12 22:21:47 | INFO | train_inner | epoch 029:     60 / 457 loss=3.125, nll_loss=1.563, ppl=2.95, wps=63753.9, ups=4.58, wpb=13911.7, bsz=510.1, num_updates=75200, lr=0.000922531, gnorm=0.253, loss_scale=8, train_wall=12, gb_free=20.5, wall=268
2023-08-12 22:21:59 | INFO | train_inner | epoch 029:    160 / 457 loss=3.119, nll_loss=1.554, ppl=2.94, wps=120152, ups=8.79, wpb=13676.3, bsz=498.8, num_updates=75300, lr=0.000921918, gnorm=0.254, loss_scale=8, train_wall=11, gb_free=20.4, wall=279
2023-08-12 22:22:10 | INFO | train_inner | epoch 029:    260 / 457 loss=3.126, nll_loss=1.563, ppl=2.95, wps=120491, ups=8.77, wpb=13738.3, bsz=505, num_updates=75400, lr=0.000921307, gnorm=0.262, loss_scale=8, train_wall=11, gb_free=20.6, wall=291
2023-08-12 22:22:22 | INFO | train_inner | epoch 029:    360 / 457 loss=3.15, nll_loss=1.591, ppl=3.01, wps=118793, ups=8.82, wpb=13463.5, bsz=500.7, num_updates=75500, lr=0.000920697, gnorm=0.264, loss_scale=8, train_wall=11, gb_free=20.2, wall=302
2023-08-12 22:22:32 | INFO | fairseq_cli.train | begin validation on "valid" subset
2023-08-12 22:22:35 | INFO | valid | epoch 029 | valid on 'valid' subset | loss 3.489 | nll_loss 1.936 | ppl 3.83 | wps 246018 | wpb 6675.5 | bsz 237.2 | num_updates 75597 | best_loss 3.46
2023-08-12 22:22:35 | INFO | fairseq.checkpoint_utils | Preparing to save checkpoint for epoch 29 @ 75597 updates
2023-08-12 22:22:35 | INFO | fairseq.trainer | Saving checkpoint to /mnt/zhangyh/fairseq-AT/egs/machine_translation/checkpoints/wmt-en2de/ende-baseline-mustc-ft/checkpoint29.pt
2023-08-12 22:22:36 | INFO | fairseq.trainer | Finished saving checkpoint to /mnt/zhangyh/fairseq-AT/egs/machine_translation/checkpoints/wmt-en2de/ende-baseline-mustc-ft/checkpoint29.pt
2023-08-12 22:22:40 | INFO | fairseq.checkpoint_utils | Saved checkpoint checkpoints/wmt-en2de/ende-baseline-mustc-ft/checkpoint29.pt (epoch 29 @ 75597 updates, score 3.489) (writing took 4.965951329097152 seconds)
2023-08-12 22:22:40 | INFO | fairseq_cli.train | end of epoch 29 (average epoch stats below)
2023-08-12 22:22:40 | INFO | train | epoch 029 | loss 3.129 | nll_loss 1.566 | ppl 2.96 | wps 100649 | ups 7.39 | wpb 13618.7 | bsz 502.6 | num_updates 75597 | lr 0.000920106 | gnorm 0.26 | loss_scale 8 | train_wall 51 | gb_free 20.4 | wall 321
2023-08-12 22:22:40 | INFO | fairseq.data.iterators | grouped total_num_itrs = 457
2023-08-12 22:22:40 | INFO | fairseq.trainer | begin training epoch 30
2023-08-12 22:22:40 | INFO | fairseq_cli.train | Start iterating over samples
2023-08-12 22:22:43 | INFO | train_inner | epoch 030:      3 / 457 loss=3.145, nll_loss=1.586, ppl=3, wps=64000.2, ups=4.72, wpb=13549.1, bsz=500.3, num_updates=75600, lr=0.000920087, gnorm=0.258, loss_scale=8, train_wall=11, gb_free=20.4, wall=323
2023-08-12 22:22:55 | INFO | train_inner | epoch 030:    103 / 457 loss=3.06, nll_loss=1.486, ppl=2.8, wps=113064, ups=8.43, wpb=13418.9, bsz=522.8, num_updates=75700, lr=0.000919479, gnorm=0.254, loss_scale=8, train_wall=12, gb_free=20.3, wall=335
2023-08-12 22:23:06 | INFO | train_inner | epoch 030:    203 / 457 loss=3.082, nll_loss=1.51, ppl=2.85, wps=116292, ups=8.56, wpb=13590.7, bsz=497.5, num_updates=75800, lr=0.000918873, gnorm=0.25, loss_scale=8, train_wall=11, gb_free=20.5, wall=347
2023-08-12 22:23:18 | INFO | train_inner | epoch 030:    303 / 457 loss=3.099, nll_loss=1.53, ppl=2.89, wps=120320, ups=8.88, wpb=13554.5, bsz=472.1, num_updates=75900, lr=0.000918267, gnorm=0.27, loss_scale=8, train_wall=11, gb_free=20.1, wall=358
2023-08-12 22:23:29 | INFO | train_inner | epoch 030:    403 / 457 loss=3.077, nll_loss=1.507, ppl=2.84, wps=123202, ups=8.92, wpb=13810.1, bsz=530.3, num_updates=76000, lr=0.000917663, gnorm=0.256, loss_scale=8, train_wall=11, gb_free=20.3, wall=369
2023-08-12 22:23:35 | INFO | fairseq_cli.train | begin validation on "valid" subset
2023-08-12 22:23:37 | INFO | valid | epoch 030 | valid on 'valid' subset | loss 3.503 | nll_loss 1.953 | ppl 3.87 | wps 220262 | wpb 6675.5 | bsz 237.2 | num_updates 76054 | best_loss 3.46
2023-08-12 22:23:37 | INFO | fairseq.checkpoint_utils | Preparing to save checkpoint for epoch 30 @ 76054 updates
2023-08-12 22:23:37 | INFO | fairseq.trainer | Saving checkpoint to /mnt/zhangyh/fairseq-AT/egs/machine_translation/checkpoints/wmt-en2de/ende-baseline-mustc-ft/checkpoint30.pt
2023-08-12 22:23:39 | INFO | fairseq.trainer | Finished saving checkpoint to /mnt/zhangyh/fairseq-AT/egs/machine_translation/checkpoints/wmt-en2de/ende-baseline-mustc-ft/checkpoint30.pt
2023-08-12 22:23:43 | INFO | fairseq.checkpoint_utils | Saved checkpoint checkpoints/wmt-en2de/ende-baseline-mustc-ft/checkpoint30.pt (epoch 30 @ 76054 updates, score 3.503) (writing took 5.89872239716351 seconds)
2023-08-12 22:23:43 | INFO | fairseq_cli.train | end of epoch 30 (average epoch stats below)
2023-08-12 22:23:43 | INFO | train | epoch 030 | loss 3.085 | nll_loss 1.515 | ppl 2.86 | wps 98165 | ups 7.21 | wpb 13618.7 | bsz 502.6 | num_updates 76054 | lr 0.000917337 | gnorm 0.26 | loss_scale 8 | train_wall 51 | gb_free 20.6 | wall 384
2023-08-12 22:23:44 | INFO | fairseq_cli.train | done training in 382.8 seconds
Exception in thread Thread-7:
Traceback (most recent call last):
  File "/home/zhangyh/miniconda3/envs/st-at/lib/python3.8/threading.py", line 932, in _bootstrap_inner
Exception in thread Thread-6:
Traceback (most recent call last):
  File "/home/zhangyh/miniconda3/envs/st-at/lib/python3.8/threading.py", line 932, in _bootstrap_inner
Exception in thread Thread-3:
Traceback (most recent call last):
  File "/home/zhangyh/miniconda3/envs/st-at/lib/python3.8/threading.py", line 932, in _bootstrap_inner
    self.run()
  File "/home/zhangyh/miniconda3/envs/st-at/lib/python3.8/site-packages/tensorboardX/event_file_writer.py", line 202, in run
    self.run()
  File "/home/zhangyh/miniconda3/envs/st-at/lib/python3.8/site-packages/tensorboardX/event_file_writer.py", line 202, in run
    data = self._queue.get(True, queue_wait_duration)
  File "/home/zhangyh/miniconda3/envs/st-at/lib/python3.8/multiprocessing/queues.py", line 111, in get
    data = self._queue.get(True, queue_wait_duration)
  File "/home/zhangyh/miniconda3/envs/st-at/lib/python3.8/multiprocessing/queues.py", line 111, in get
    res = self._recv_bytes()
  File "/home/zhangyh/miniconda3/envs/st-at/lib/python3.8/multiprocessing/connection.py", line 216, in recv_bytes
    self.run()
  File "/home/zhangyh/miniconda3/envs/st-at/lib/python3.8/site-packages/tensorboardX/event_file_writer.py", line 202, in run
    res = self._recv_bytes()
  File "/home/zhangyh/miniconda3/envs/st-at/lib/python3.8/multiprocessing/connection.py", line 216, in recv_bytes
    buf = self._recv_bytes(maxlength)
  File "/home/zhangyh/miniconda3/envs/st-at/lib/python3.8/multiprocessing/connection.py", line 414, in _recv_bytes
    buf = self._recv_bytes(maxlength)
  File "/home/zhangyh/miniconda3/envs/st-at/lib/python3.8/multiprocessing/connection.py", line 414, in _recv_bytes
    data = self._queue.get(True, queue_wait_duration)
  File "/home/zhangyh/miniconda3/envs/st-at/lib/python3.8/multiprocessing/queues.py", line 111, in get
    buf = self._recv(4)
  File "/home/zhangyh/miniconda3/envs/st-at/lib/python3.8/multiprocessing/connection.py", line 383, in _recv
    res = self._recv_bytes()
  File "/home/zhangyh/miniconda3/envs/st-at/lib/python3.8/multiprocessing/connection.py", line 216, in recv_bytes
    buf = self._recv(4)
  File "/home/zhangyh/miniconda3/envs/st-at/lib/python3.8/multiprocessing/connection.py", line 383, in _recv
    buf = self._recv_bytes(maxlength)
  File "/home/zhangyh/miniconda3/envs/st-at/lib/python3.8/multiprocessing/connection.py", line 414, in _recv_bytes
    raise EOFError
EOFError
    buf = self._recv(4)
  File "/home/zhangyh/miniconda3/envs/st-at/lib/python3.8/multiprocessing/connection.py", line 383, in _recv
    raise EOFError
EOFError
    raise EOFError
EOFError
/home/zhangyh/miniconda3/envs/st-at/lib/python3.8/multiprocessing/resource_tracker.py:216: UserWarning: resource_tracker: There appear to be 24 leaked semaphore objects to clean up at shutdown
  warnings.warn('resource_tracker: There appear to be %d '
