2023-08-22 13:36:11 | INFO | fairseq.distributed.utils | distributed init (rank 2): tcp://localhost:13147
2023-08-22 13:36:11 | INFO | fairseq.distributed.utils | distributed init (rank 4): tcp://localhost:13147
2023-08-22 13:36:11 | INFO | fairseq.distributed.utils | distributed init (rank 1): tcp://localhost:13147
2023-08-22 13:36:11 | INFO | fairseq.distributed.utils | distributed init (rank 0): tcp://localhost:13147
2023-08-22 13:36:11 | INFO | fairseq.distributed.utils | distributed init (rank 5): tcp://localhost:13147
2023-08-22 13:36:11 | INFO | torch.distributed.distributed_c10d | Added key: store_based_barrier_key:1 to store for rank: 5
2023-08-22 13:36:11 | INFO | fairseq.distributed.utils | distributed init (rank 6): tcp://localhost:13147
2023-08-22 13:36:11 | INFO | fairseq.distributed.utils | distributed init (rank 7): tcp://localhost:13147
2023-08-22 13:36:11 | INFO | torch.distributed.distributed_c10d | Added key: store_based_barrier_key:1 to store for rank: 6
2023-08-22 13:36:11 | INFO | torch.distributed.distributed_c10d | Added key: store_based_barrier_key:1 to store for rank: 7
2023-08-22 13:36:11 | INFO | fairseq.distributed.utils | distributed init (rank 3): tcp://localhost:13147
2023-08-22 13:36:11 | INFO | torch.distributed.distributed_c10d | Added key: store_based_barrier_key:1 to store for rank: 3
2023-08-22 13:36:12 | INFO | torch.distributed.distributed_c10d | Added key: store_based_barrier_key:1 to store for rank: 2
2023-08-22 13:36:12 | INFO | torch.distributed.distributed_c10d | Added key: store_based_barrier_key:1 to store for rank: 4
2023-08-22 13:36:12 | INFO | torch.distributed.distributed_c10d | Added key: store_based_barrier_key:1 to store for rank: 1
2023-08-22 13:36:12 | INFO | torch.distributed.distributed_c10d | Added key: store_based_barrier_key:1 to store for rank: 0
2023-08-22 13:36:12 | INFO | torch.distributed.distributed_c10d | Rank 0: Completed store-based barrier for key:store_based_barrier_key:1 with 8 nodes.
2023-08-22 13:36:12 | INFO | torch.distributed.distributed_c10d | Rank 6: Completed store-based barrier for key:store_based_barrier_key:1 with 8 nodes.
2023-08-22 13:36:12 | INFO | fairseq.distributed.utils | initialized host localhost.localdomain as rank 0
2023-08-22 13:36:12 | INFO | fairseq.distributed.utils | initialized host localhost.localdomain as rank 6
2023-08-22 13:36:12 | INFO | torch.distributed.distributed_c10d | Rank 7: Completed store-based barrier for key:store_based_barrier_key:1 with 8 nodes.
2023-08-22 13:36:12 | INFO | torch.distributed.distributed_c10d | Rank 3: Completed store-based barrier for key:store_based_barrier_key:1 with 8 nodes.
2023-08-22 13:36:12 | INFO | torch.distributed.distributed_c10d | Rank 5: Completed store-based barrier for key:store_based_barrier_key:1 with 8 nodes.
2023-08-22 13:36:12 | INFO | fairseq.distributed.utils | initialized host localhost.localdomain as rank 7
2023-08-22 13:36:12 | INFO | fairseq.distributed.utils | initialized host localhost.localdomain as rank 3
2023-08-22 13:36:12 | INFO | fairseq.distributed.utils | initialized host localhost.localdomain as rank 5
2023-08-22 13:36:12 | INFO | torch.distributed.distributed_c10d | Rank 1: Completed store-based barrier for key:store_based_barrier_key:1 with 8 nodes.
2023-08-22 13:36:12 | INFO | fairseq.distributed.utils | initialized host localhost.localdomain as rank 1
2023-08-22 13:36:12 | INFO | torch.distributed.distributed_c10d | Rank 4: Completed store-based barrier for key:store_based_barrier_key:1 with 8 nodes.
2023-08-22 13:36:12 | INFO | fairseq.distributed.utils | initialized host localhost.localdomain as rank 4
2023-08-22 13:36:12 | INFO | torch.distributed.distributed_c10d | Rank 2: Completed store-based barrier for key:store_based_barrier_key:1 with 8 nodes.
2023-08-22 13:36:12 | INFO | fairseq.distributed.utils | initialized host localhost.localdomain as rank 2
2023-08-22 13:36:15 | INFO | fairseq_cli.train | {'_name': None, 'common': {'_name': None, 'no_progress_bar': True, 'log_interval': 100, 'log_format': None, 'log_file': None, 'aim_repo': None, 'aim_run_hash': None, 'tensorboard_logdir': 'checkpoints/wmt-en2es/enes-baseline-mustc-ft', 'wandb_project': None, 'azureml_logging': False, 'seed': 1, 'cpu': False, 'tpu': False, 'bf16': False, 'memory_efficient_bf16': False, 'fp16': True, 'memory_efficient_fp16': False, 'fp16_no_flatten_grads': False, 'fp16_init_scale': 128, 'fp16_scale_window': None, 'fp16_scale_tolerance': 0.0, 'on_cpu_convert_precision': False, 'min_loss_scale': 0.0001, 'threshold_loss_scale': None, 'amp': False, 'amp_batch_retries': 2, 'amp_init_scale': 128, 'amp_scale_window': None, 'user_dir': None, 'empty_cache_freq': 0, 'all_gather_list_size': 16384, 'model_parallel_size': 1, 'quantization_config_path': None, 'profile': False, 'reset_logging': False, 'suppress_crashes': False, 'use_plasma_view': False, 'plasma_path': '/tmp/plasma'}, 'common_eval': {'_name': None, 'path': None, 'post_process': None, 'quiet': False, 'model_overrides': '{}', 'results_path': None}, 'distributed_training': {'_name': None, 'distributed_world_size': 8, 'distributed_num_procs': 8, 'distributed_rank': 0, 'distributed_backend': 'nccl', 'distributed_init_method': 'tcp://localhost:13147', 'distributed_port': -1, 'device_id': 0, 'distributed_no_spawn': False, 'ddp_backend': 'no_c10d', 'ddp_comm_hook': 'none', 'bucket_cap_mb': 25, 'fix_batches_to_gpus': False, 'find_unused_parameters': False, 'gradient_as_bucket_view': False, 'fast_stat_sync': False, 'heartbeat_timeout': -1, 'broadcast_buffers': False, 'slowmo_momentum': None, 'slowmo_base_algorithm': 'localsgd', 'localsgd_frequency': 3, 'nprocs_per_node': 8, 'pipeline_model_parallel': False, 'pipeline_balance': None, 'pipeline_devices': None, 'pipeline_chunks': 0, 'pipeline_encoder_balance': None, 'pipeline_encoder_devices': None, 'pipeline_decoder_balance': None, 'pipeline_decoder_devices': None, 'pipeline_checkpoint': 'never', 'zero_sharding': 'none', 'fp16': True, 'memory_efficient_fp16': False, 'tpu': False, 'no_reshard_after_forward': False, 'fp32_reduce_scatter': False, 'cpu_offload': False, 'use_sharded_state': False, 'not_fsdp_flatten_parameters': False}, 'dataset': {'_name': None, 'num_workers': 1, 'skip_invalid_size_inputs_valid_test': False, 'max_tokens': 8192, 'batch_size': None, 'required_batch_size_multiple': 8, 'required_seq_len_multiple': 1, 'dataset_impl': None, 'data_buffer_size': 10, 'train_subset': 'train', 'valid_subset': 'valid', 'combine_valid_subsets': None, 'ignore_unused_valid_subsets': False, 'validate_interval': 1, 'validate_interval_updates': 0, 'validate_after_updates': 0, 'fixed_validation_seed': None, 'disable_validation': False, 'max_tokens_valid': 8192, 'batch_size_valid': None, 'max_valid_steps': None, 'curriculum': 0, 'gen_subset': 'test', 'num_shards': 1, 'shard_id': 0, 'grouped_shuffling': False, 'update_epoch_batch_itr': False, 'update_ordered_indices_seed': False}, 'optimization': {'_name': None, 'max_epoch': 30, 'max_update': 0, 'stop_time_hours': 0.0, 'clip_norm': 0.0, 'sentence_avg': False, 'update_freq': [1], 'lr': [0.002], 'stop_min_lr': -1.0, 'use_bmuf': False, 'skip_remainder_batch': False}, 'checkpoint': {'_name': None, 'save_dir': 'checkpoints/wmt-en2es/enes-baseline-mustc-ft', 'restore_file': 'checkpoint_last.pt', 'continue_once': None, 'finetune_from_model': None, 'reset_dataloader': False, 'reset_lr_scheduler': False, 'reset_meters': False, 'reset_optimizer': False, 'optimizer_overrides': '{}', 'save_interval': 1, 'save_interval_updates': 0, 'keep_interval_updates': -1, 'keep_interval_updates_pattern': -1, 'keep_last_epochs': 10, 'keep_best_checkpoints': -1, 'no_save': False, 'no_epoch_checkpoints': False, 'no_last_checkpoints': False, 'no_save_optimizer_state': False, 'best_checkpoint_metric': 'loss', 'maximize_best_checkpoint_metric': False, 'patience': -1, 'checkpoint_suffix': '', 'checkpoint_shard_count': 1, 'load_checkpoint_on_all_dp_ranks': False, 'write_checkpoints_asynchronously': False, 'model_parallel_size': 1}, 'bmuf': {'_name': None, 'block_lr': 1.0, 'block_momentum': 0.875, 'global_sync_iter': 50, 'warmup_iterations': 500, 'use_nbm': False, 'average_sync': False, 'distributed_world_size': 8}, 'generation': {'_name': None, 'beam': 5, 'beam_mt': 0, 'nbest': 1, 'max_len_a': 0.0, 'max_len_b': 200, 'max_len_a_mt': 0.0, 'max_len_b_mt': 200, 'min_len': 1, 'match_source_len': False, 'unnormalized': False, 'no_early_stop': False, 'no_beamable_mm': False, 'lenpen': 1.0, 'lenpen_mt': 1.0, 'unkpen': 0.0, 'replace_unk': None, 'sacrebleu': False, 'score_reference': False, 'prefix_size': 0, 'no_repeat_ngram_size': 0, 'sampling': False, 'sampling_topk': -1, 'sampling_topp': -1.0, 'constraints': None, 'temperature': 1.0, 'diverse_beam_groups': -1, 'diverse_beam_strength': 0.5, 'diversity_rate': -1.0, 'print_alignment': None, 'print_step': False, 'lm_path': None, 'lm_weight': 0.0, 'iter_decode_eos_penalty': 0.0, 'iter_decode_max_iter': 10, 'iter_decode_force_max_iter': False, 'iter_decode_with_beam': 1, 'iter_decode_with_external_reranker': False, 'retain_iter_history': False, 'retain_dropout': False, 'retain_dropout_modules': None, 'decoding_format': None, 'no_seed_provided': False, 'eos_token': None}, 'eval_lm': {'_name': None, 'output_word_probs': False, 'output_word_stats': False, 'context_window': 0, 'softmax_batch': 9223372036854775807}, 'interactive': {'_name': None, 'buffer_size': 0, 'input': '-'}, 'model': Namespace(_name='transformer_wmt_en_de', activation_dropout=0.0, activation_fn='relu', adam_betas='(0.9, 0.997)', adam_eps=1e-08, adaptive_input=False, adaptive_softmax_cutoff=None, adaptive_softmax_dropout=0, aim_repo=None, aim_run_hash=None, all_gather_list_size=16384, amp=False, amp_batch_retries=2, amp_init_scale=128, amp_scale_window=None, arch='transformer_wmt_en_de', attention_dropout=0.0, azureml_logging=False, batch_size=None, batch_size_valid=None, best_checkpoint_metric='loss', bf16=False, bpe=None, broadcast_buffers=False, bucket_cap_mb=25, checkpoint_activations=False, checkpoint_shard_count=1, checkpoint_suffix='', clip_norm=0.0, combine_valid_subsets=None, continue_once=None, cpu=False, cpu_offload=False, criterion='label_smoothed_cross_entropy', cross_self_attention=False, curriculum=0, data='data-bin/mustc-enes-silent', data_buffer_size=10, dataset_impl=None, ddp_backend='no_c10d', ddp_comm_hook='none', decoder_attention_heads=8, decoder_embed_dim=512, decoder_embed_path=None, decoder_ffn_embed_dim=2048, decoder_input_dim=512, decoder_layerdrop=0, decoder_layers=6, decoder_layers_to_keep=None, decoder_learned_pos=False, decoder_normalize_before=True, decoder_output_dim=512, device_id=0, disable_validation=False, distributed_backend='nccl', distributed_init_method=None, distributed_no_spawn=False, distributed_num_procs=8, distributed_port=-1, distributed_rank=0, distributed_world_size=8, dropout=0.1, ema_decay=0.9999, ema_fp32=False, ema_seed_model=None, ema_start_update=0, ema_update_freq=1, empty_cache_freq=0, encoder_attention_heads=8, encoder_embed_dim=512, encoder_embed_path=None, encoder_ffn_embed_dim=2048, encoder_layerdrop=0, encoder_layers=6, encoder_layers_to_keep=None, encoder_learned_pos=False, encoder_normalize_before=True, eos=2, eval_bleu=False, eval_bleu_args='{}', eval_bleu_detok='space', eval_bleu_detok_args='{}', eval_bleu_print_samples=False, eval_bleu_remove_bpe=None, eval_tokenized_bleu=False, fast_stat_sync=False, find_unused_parameters=False, finetune_from_model=None, fix_batches_to_gpus=False, fixed_validation_seed=None, fp16=True, fp16_adam_stats=False, fp16_init_scale=128, fp16_no_flatten_grads=False, fp16_scale_tolerance=0.0, fp16_scale_window=None, fp32_reduce_scatter=False, gen_subset='test', gradient_as_bucket_view=False, grouped_shuffling=False, heartbeat_timeout=-1, ignore_prefix_size=0, ignore_unused_valid_subsets=False, keep_best_checkpoints=-1, keep_interval_updates=-1, keep_interval_updates_pattern=-1, keep_last_epochs=10, label_smoothing=0.1, layernorm_embedding=False, left_pad_source=True, left_pad_target=False, load_alignments=False, load_checkpoint_on_all_dp_ranks=False, localsgd_frequency=3, log_file=None, log_format=None, log_interval=100, lr=[0.002], lr_scheduler='inverse_sqrt', max_epoch=30, max_tokens=8192, max_tokens_valid=8192, max_update=0, max_valid_steps=None, maximize_best_checkpoint_metric=False, memory_efficient_bf16=False, memory_efficient_fp16=False, merge_src_tgt_embed=False, min_loss_scale=0.0001, model_parallel_size=1, no_cross_attention=False, no_epoch_checkpoints=False, no_last_checkpoints=False, no_progress_bar=True, no_reshard_after_forward=False, no_save=False, no_save_optimizer_state=False, no_scale_embedding=False, no_seed_provided=False, no_token_positional_embeddings=False, not_fsdp_flatten_parameters=False, nprocs_per_node=8, num_batch_buckets=0, num_shards=1, num_workers=1, offload_activations=False, on_cpu_convert_precision=False, optimizer='adam', optimizer_overrides='{}', pad=1, patience=-1, pipeline_balance=None, pipeline_checkpoint='never', pipeline_chunks=0, pipeline_decoder_balance=None, pipeline_decoder_devices=None, pipeline_devices=None, pipeline_encoder_balance=None, pipeline_encoder_devices=None, pipeline_model_parallel=False, plasma_path='/tmp/plasma', profile=False, quant_noise_pq=0, quant_noise_pq_block_size=8, quant_noise_scalar=0, quantization_config_path=None, report_accuracy=False, required_batch_size_multiple=8, required_seq_len_multiple=1, reset_dataloader=False, reset_logging=False, reset_lr_scheduler=False, reset_meters=False, reset_optimizer=False, restore_file='checkpoint_last.pt', save_dir='checkpoints/wmt-en2es/enes-baseline-mustc-ft', save_interval=1, save_interval_updates=0, scoring='bleu', seed=1, sentence_avg=False, shard_id=0, share_all_embeddings=True, share_decoder_input_output_embed=True, simul_type=None, skip_invalid_size_inputs_valid_test=False, skip_remainder_batch=False, slowmo_base_algorithm='localsgd', slowmo_momentum=None, source_lang='en', stop_min_lr=-1.0, stop_time_hours=0, store_ema=False, suppress_crashes=False, target_lang='es', task='translation', tensorboard_logdir='checkpoints/wmt-en2es/enes-baseline-mustc-ft', threshold_loss_scale=None, tie_adaptive_weights=False, tokenizer=None, tpu=False, train_config=None, train_subset='train', truncate_source=False, unk=3, update_epoch_batch_itr=False, update_freq=[1], update_ordered_indices_seed=False, upsample_primary=-1, use_bmuf=False, use_old_adam=False, use_plasma_view=False, use_sharded_state=False, user_dir=None, valid_subset='valid', validate_after_updates=0, validate_interval=1, validate_interval_updates=0, wandb_project=None, warmup_init_lr=1e-07, warmup_updates=16000, weight_decay=0.0, write_checkpoints_asynchronously=False, zero_sharding='none'), 'task': {'_name': 'translation', 'data': 'data-bin/mustc-enes-silent', 'source_lang': 'en', 'target_lang': 'es', 'load_alignments': False, 'left_pad_source': True, 'left_pad_target': False, 'max_source_positions': 1024, 'max_target_positions': 1024, 'upsample_primary': -1, 'truncate_source': False, 'num_batch_buckets': 0, 'train_subset': 'train', 'dataset_impl': None, 'required_seq_len_multiple': 1, 'eval_bleu': False, 'eval_bleu_args': '{}', 'eval_bleu_detok': 'space', 'eval_bleu_detok_args': '{}', 'eval_tokenized_bleu': False, 'eval_bleu_remove_bpe': None, 'eval_bleu_print_samples': False}, 'criterion': {'_name': 'label_smoothed_cross_entropy', 'label_smoothing': 0.1, 'report_accuracy': False, 'ignore_prefix_size': 0, 'sentence_avg': False}, 'optimizer': {'_name': 'adam', 'adam_betas': '(0.9, 0.997)', 'adam_eps': 1e-08, 'weight_decay': 0.0, 'use_old_adam': False, 'fp16_adam_stats': False, 'tpu': False, 'lr': [0.002]}, 'lr_scheduler': {'_name': 'inverse_sqrt', 'warmup_updates': 16000, 'warmup_init_lr': 1e-07, 'lr': [0.002]}, 'scoring': {'_name': 'bleu', 'pad': 1, 'eos': 2, 'unk': 3}, 'bpe': None, 'tokenizer': None, 'ema': {'_name': None, 'store_ema': False, 'ema_decay': 0.9999, 'ema_start_update': 0, 'ema_seed_model': None, 'ema_update_freq': 1, 'ema_fp32': False}, 'simul_type': None}
2023-08-22 13:36:15 | INFO | fairseq.tasks.translation | [en] dictionary: 10000 types
2023-08-22 13:36:15 | INFO | fairseq.tasks.translation | [es] dictionary: 10000 types
2023-08-22 13:36:17 | INFO | fairseq_cli.train | TransformerModel(
  (encoder): TransformerEncoderBase(
    (dropout_module): FairseqDropout()
    (embed_tokens): Embedding(10000, 512, padding_idx=1)
    (embed_positions): SinusoidalPositionalEmbedding()
    (layers): ModuleList(
      (0-5): 6 x TransformerEncoderLayerBase(
        (self_attn): MultiheadAttention(
          (dropout_module): FairseqDropout()
          (k_proj): Linear(in_features=512, out_features=512, bias=True)
          (v_proj): Linear(in_features=512, out_features=512, bias=True)
          (q_proj): Linear(in_features=512, out_features=512, bias=True)
          (out_proj): Linear(in_features=512, out_features=512, bias=True)
        )
        (self_attn_layer_norm): FusedLayerNorm(torch.Size([512]), eps=1e-05, elementwise_affine=True)
        (dropout_module): FairseqDropout()
        (activation_dropout_module): FairseqDropout()
        (fc1): Linear(in_features=512, out_features=2048, bias=True)
        (fc2): Linear(in_features=2048, out_features=512, bias=True)
        (final_layer_norm): FusedLayerNorm(torch.Size([512]), eps=1e-05, elementwise_affine=True)
      )
    )
    (layer_norm): FusedLayerNorm(torch.Size([512]), eps=1e-05, elementwise_affine=True)
  )
  (decoder): TransformerDecoderBase(
    (dropout_module): FairseqDropout()
    (embed_tokens): Embedding(10000, 512, padding_idx=1)
    (embed_positions): SinusoidalPositionalEmbedding()
    (layers): ModuleList(
      (0-5): 6 x TransformerDecoderLayerBase(
        (dropout_module): FairseqDropout()
        (self_attn): MultiheadAttention(
          (dropout_module): FairseqDropout()
          (k_proj): Linear(in_features=512, out_features=512, bias=True)
          (v_proj): Linear(in_features=512, out_features=512, bias=True)
          (q_proj): Linear(in_features=512, out_features=512, bias=True)
          (out_proj): Linear(in_features=512, out_features=512, bias=True)
        )
        (activation_dropout_module): FairseqDropout()
        (self_attn_layer_norm): FusedLayerNorm(torch.Size([512]), eps=1e-05, elementwise_affine=True)
        (encoder_attn): MultiheadAttention(
          (dropout_module): FairseqDropout()
          (k_proj): Linear(in_features=512, out_features=512, bias=True)
          (v_proj): Linear(in_features=512, out_features=512, bias=True)
          (q_proj): Linear(in_features=512, out_features=512, bias=True)
          (out_proj): Linear(in_features=512, out_features=512, bias=True)
        )
        (encoder_attn_layer_norm): FusedLayerNorm(torch.Size([512]), eps=1e-05, elementwise_affine=True)
        (fc1): Linear(in_features=512, out_features=2048, bias=True)
        (fc2): Linear(in_features=2048, out_features=512, bias=True)
        (final_layer_norm): FusedLayerNorm(torch.Size([512]), eps=1e-05, elementwise_affine=True)
      )
    )
    (layer_norm): FusedLayerNorm(torch.Size([512]), eps=1e-05, elementwise_affine=True)
    (output_projection): Linear(in_features=512, out_features=10000, bias=False)
  )
)
2023-08-22 13:36:17 | INFO | fairseq_cli.train | task: TranslationTask
2023-08-22 13:36:17 | INFO | fairseq_cli.train | model: TransformerModel
2023-08-22 13:36:17 | INFO | fairseq_cli.train | criterion: LabelSmoothedCrossEntropyCriterion
2023-08-22 13:36:17 | INFO | fairseq_cli.train | num. shared model params: 49,260,544 (num. trained: 49,260,544)
2023-08-22 13:36:17 | INFO | fairseq_cli.train | num. expert model params: 0 (num. trained: 0)
2023-08-22 13:36:17 | INFO | fairseq.data.data_utils | loaded 1,316 examples from: data-bin/mustc-enes-silent/valid.en-es.en
2023-08-22 13:36:17 | INFO | fairseq.data.data_utils | loaded 1,316 examples from: data-bin/mustc-enes-silent/valid.en-es.es
2023-08-22 13:36:17 | INFO | fairseq.tasks.translation | data-bin/mustc-enes-silent valid en-es 1316 examples
2023-08-22 13:36:25 | INFO | torch.distributed.distributed_c10d | Added key: store_based_barrier_key:2 to store for rank: 0
2023-08-22 13:36:25 | INFO | torch.distributed.distributed_c10d | Rank 0: Completed store-based barrier for key:store_based_barrier_key:2 with 8 nodes.
2023-08-22 13:36:25 | INFO | fairseq.trainer | detected shared parameter: encoder.embed_tokens.weight <- decoder.embed_tokens.weight
2023-08-22 13:36:25 | INFO | fairseq.trainer | detected shared parameter: encoder.embed_tokens.weight <- decoder.output_projection.weight
2023-08-22 13:36:25 | INFO | fairseq.utils | ***********************CUDA enviroments for all 8 workers***********************
2023-08-22 13:36:25 | INFO | fairseq.utils | rank   0: capabilities =  8.6  ; total memory = 23.700 GB ; name = NVIDIA GeForce RTX 3090                 
2023-08-22 13:36:25 | INFO | fairseq.utils | rank   1: capabilities =  8.6  ; total memory = 23.700 GB ; name = NVIDIA GeForce RTX 3090                 
2023-08-22 13:36:25 | INFO | fairseq.utils | rank   2: capabilities =  8.6  ; total memory = 23.700 GB ; name = NVIDIA GeForce RTX 3090                 
2023-08-22 13:36:25 | INFO | fairseq.utils | rank   3: capabilities =  8.6  ; total memory = 23.700 GB ; name = NVIDIA GeForce RTX 3090                 
2023-08-22 13:36:25 | INFO | fairseq.utils | rank   4: capabilities =  8.6  ; total memory = 23.700 GB ; name = NVIDIA GeForce RTX 3090                 
2023-08-22 13:36:25 | INFO | fairseq.utils | rank   5: capabilities =  8.6  ; total memory = 23.700 GB ; name = NVIDIA GeForce RTX 3090                 
2023-08-22 13:36:25 | INFO | fairseq.utils | rank   6: capabilities =  8.6  ; total memory = 23.700 GB ; name = NVIDIA GeForce RTX 3090                 
2023-08-22 13:36:25 | INFO | fairseq.utils | rank   7: capabilities =  8.6  ; total memory = 23.700 GB ; name = NVIDIA GeForce RTX 3090                 
2023-08-22 13:36:25 | INFO | fairseq.utils | ***********************CUDA enviroments for all 8 workers***********************
2023-08-22 13:36:25 | INFO | fairseq_cli.train | training on 8 devices (GPUs/TPUs)
2023-08-22 13:36:25 | INFO | fairseq_cli.train | max tokens per device = 8192 and max sentences per device = None
2023-08-22 13:36:25 | INFO | fairseq.trainer | Preparing to load checkpoint checkpoints/wmt-en2es/enes-baseline-mustc-ft/checkpoint_last.pt
2023-08-22 13:36:26 | INFO | fairseq.trainer | load the task parameters
2023-08-22 13:36:31 | INFO | fairseq.optim.adam | using FusedAdam
2023-08-22 13:36:31 | INFO | fairseq.trainer | Loaded checkpoint checkpoints/wmt-en2es/enes-baseline-mustc-ft/checkpoint_last.pt (epoch 25 @ 242200 updates)
2023-08-22 13:36:31 | INFO | fairseq.trainer | loading train data for epoch 25
2023-08-22 13:36:31 | INFO | fairseq.data.data_utils | loaded 317,472 examples from: data-bin/mustc-enes-silent/train.en-es.en
2023-08-22 13:36:31 | INFO | fairseq.data.data_utils | loaded 317,472 examples from: data-bin/mustc-enes-silent/train.en-es.es
2023-08-22 13:36:31 | INFO | fairseq.tasks.translation | data-bin/mustc-enes-silent train en-es 317472 examples
2023-08-22 13:36:32 | INFO | fairseq.data.iterators | grouped total_num_itrs = 160
2023-08-22 13:36:32 | INFO | fairseq.trainer | begin training epoch 25
2023-08-22 13:36:32 | INFO | fairseq_cli.train | Start iterating over samples
2023-08-22 13:36:52 | INFO | train_inner | epoch 025:    100 / 160 loss=3.176, nll_loss=1.65, ppl=3.14, wps=428444, ups=7.81, wpb=54824.8, bsz=1950.8, num_updates=242300, lr=0.000513941, gnorm=0.164, loss_scale=4, train_wall=15, gb_free=20.6, wall=26
2023-08-22 13:36:59 | INFO | fairseq_cli.train | begin validation on "valid" subset
/mnt/zhangyh/miniconda3/envs/at/lib/python3.8/site-packages/torch/nn/functional.py:4999: UserWarning: Support for mismatched key_padding_mask and attn_mask is deprecated. Use same type for both instead.
  warnings.warn(
/mnt/zhangyh/miniconda3/envs/at/lib/python3.8/site-packages/torch/nn/functional.py:4999: UserWarning: Support for mismatched key_padding_mask and attn_mask is deprecated. Use same type for both instead.
  warnings.warn(
/mnt/zhangyh/miniconda3/envs/at/lib/python3.8/site-packages/torch/nn/functional.py:4999: UserWarning: Support for mismatched key_padding_mask and attn_mask is deprecated. Use same type for both instead.
  warnings.warn(
/mnt/zhangyh/miniconda3/envs/at/lib/python3.8/site-packages/torch/nn/functional.py:4999: UserWarning: Support for mismatched key_padding_mask and attn_mask is deprecated. Use same type for both instead.
  warnings.warn(
/mnt/zhangyh/miniconda3/envs/at/lib/python3.8/site-packages/torch/nn/functional.py:4999: UserWarning: Support for mismatched key_padding_mask and attn_mask is deprecated. Use same type for both instead.
  warnings.warn(
/mnt/zhangyh/miniconda3/envs/at/lib/python3.8/site-packages/torch/nn/functional.py:4999: UserWarning: Support for mismatched key_padding_mask and attn_mask is deprecated. Use same type for both instead.
  warnings.warn(
/mnt/zhangyh/miniconda3/envs/at/lib/python3.8/site-packages/torch/nn/functional.py:4999: UserWarning: Support for mismatched key_padding_mask and attn_mask is deprecated. Use same type for both instead.
  warnings.warn(
/mnt/zhangyh/miniconda3/envs/at/lib/python3.8/site-packages/torch/nn/functional.py:4999: UserWarning: Support for mismatched key_padding_mask and attn_mask is deprecated. Use same type for both instead.
  warnings.warn(
2023-08-22 13:37:02 | INFO | valid | epoch 025 | valid on 'valid' subset | loss 3.265 | nll_loss 1.721 | ppl 3.3 | wps 192604 | wpb 19290.5 | bsz 658 | num_updates 242360 | best_loss 3.265
2023-08-22 13:37:02 | INFO | fairseq.checkpoint_utils | Preparing to save checkpoint for epoch 25 @ 242360 updates
2023-08-22 13:37:02 | INFO | fairseq.trainer | Saving checkpoint to /mnt/zhangyh/fairseq-AT/egs/machine_translation/checkpoints/wmt-en2es/enes-baseline-mustc-ft/checkpoint25.pt
2023-08-22 13:37:03 | INFO | fairseq.trainer | Finished saving checkpoint to /mnt/zhangyh/fairseq-AT/egs/machine_translation/checkpoints/wmt-en2es/enes-baseline-mustc-ft/checkpoint25.pt
2023-08-22 13:37:05 | INFO | fairseq.checkpoint_utils | Saved checkpoint checkpoints/wmt-en2es/enes-baseline-mustc-ft/checkpoint25.pt (epoch 25 @ 242360 updates, score 3.265) (writing took 3.549815227976069 seconds)
2023-08-22 13:37:05 | INFO | fairseq_cli.train | end of epoch 25 (average epoch stats below)
2023-08-22 13:37:05 | INFO | train | epoch 025 | loss 3.163 | nll_loss 1.636 | ppl 3.11 | wps 331998 | ups 6.1 | wpb 54405.2 | bsz 1984.2 | num_updates 242360 | lr 0.000513877 | gnorm 0.159 | loss_scale 4 | train_wall 23 | gb_free 20.7 | wall 40
2023-08-22 13:37:05 | INFO | fairseq.data.iterators | grouped total_num_itrs = 160
2023-08-22 13:37:05 | INFO | fairseq.trainer | begin training epoch 26
2023-08-22 13:37:05 | INFO | fairseq_cli.train | Start iterating over samples
2023-08-22 13:37:12 | INFO | train_inner | epoch 026:     40 / 160 loss=3.116, nll_loss=1.583, ppl=3, wps=266271, ups=4.91, wpb=54228.1, bsz=2077.7, num_updates=242400, lr=0.000513835, gnorm=0.147, loss_scale=4, train_wall=12, gb_free=20.4, wall=47
2023-08-22 13:37:24 | INFO | train_inner | epoch 026:    140 / 160 loss=3.091, nll_loss=1.554, ppl=2.94, wps=442534, ups=8.14, wpb=54381, bsz=1955.7, num_updates=242500, lr=0.000513729, gnorm=0.146, loss_scale=4, train_wall=12, gb_free=20.2, wall=59
2023-08-22 13:37:27 | INFO | fairseq_cli.train | begin validation on "valid" subset
2023-08-22 13:37:29 | INFO | valid | epoch 026 | valid on 'valid' subset | loss 3.248 | nll_loss 1.707 | ppl 3.26 | wps 157404 | wpb 19290.5 | bsz 658 | num_updates 242520 | best_loss 3.248
2023-08-22 13:37:29 | INFO | fairseq.checkpoint_utils | Preparing to save checkpoint for epoch 26 @ 242520 updates
2023-08-22 13:37:29 | INFO | fairseq.trainer | Saving checkpoint to /mnt/zhangyh/fairseq-AT/egs/machine_translation/checkpoints/wmt-en2es/enes-baseline-mustc-ft/checkpoint26.pt
2023-08-22 13:37:30 | INFO | fairseq.trainer | Finished saving checkpoint to /mnt/zhangyh/fairseq-AT/egs/machine_translation/checkpoints/wmt-en2es/enes-baseline-mustc-ft/checkpoint26.pt
2023-08-22 13:37:32 | INFO | fairseq.checkpoint_utils | Saved checkpoint checkpoints/wmt-en2es/enes-baseline-mustc-ft/checkpoint26.pt (epoch 26 @ 242520 updates, score 3.248) (writing took 3.301999209099449 seconds)
2023-08-22 13:37:33 | INFO | fairseq_cli.train | end of epoch 26 (average epoch stats below)
2023-08-22 13:37:33 | INFO | train | epoch 026 | loss 3.089 | nll_loss 1.552 | ppl 2.93 | wps 317390 | ups 5.83 | wpb 54405.2 | bsz 1984.2 | num_updates 242520 | lr 0.000513708 | gnorm 0.145 | loss_scale 4 | train_wall 19 | gb_free 20.5 | wall 67
2023-08-22 13:37:33 | INFO | fairseq.data.iterators | grouped total_num_itrs = 160
2023-08-22 13:37:33 | INFO | fairseq.trainer | begin training epoch 27
2023-08-22 13:37:33 | INFO | fairseq_cli.train | Start iterating over samples
2023-08-22 13:37:44 | INFO | train_inner | epoch 027:     80 / 160 loss=3.055, nll_loss=1.513, ppl=2.85, wps=270554, ups=4.99, wpb=54236.6, bsz=1959.5, num_updates=242600, lr=0.000513623, gnorm=0.139, loss_scale=4, train_wall=12, gb_free=20.7, wall=79
2023-08-22 13:37:54 | INFO | fairseq_cli.train | begin validation on "valid" subset
2023-08-22 13:37:57 | INFO | valid | epoch 027 | valid on 'valid' subset | loss 3.241 | nll_loss 1.695 | ppl 3.24 | wps 148101 | wpb 19290.5 | bsz 658 | num_updates 242680 | best_loss 3.241
2023-08-22 13:37:57 | INFO | fairseq.checkpoint_utils | Preparing to save checkpoint for epoch 27 @ 242680 updates
2023-08-22 13:37:57 | INFO | fairseq.trainer | Saving checkpoint to /mnt/zhangyh/fairseq-AT/egs/machine_translation/checkpoints/wmt-en2es/enes-baseline-mustc-ft/checkpoint27.pt
2023-08-22 13:37:57 | INFO | fairseq.trainer | Finished saving checkpoint to /mnt/zhangyh/fairseq-AT/egs/machine_translation/checkpoints/wmt-en2es/enes-baseline-mustc-ft/checkpoint27.pt
2023-08-22 13:38:00 | INFO | fairseq.checkpoint_utils | Saved checkpoint checkpoints/wmt-en2es/enes-baseline-mustc-ft/checkpoint27.pt (epoch 27 @ 242680 updates, score 3.241) (writing took 3.2902835570275784 seconds)
2023-08-22 13:38:00 | INFO | fairseq_cli.train | end of epoch 27 (average epoch stats below)
2023-08-22 13:38:00 | INFO | train | epoch 027 | loss 3.046 | nll_loss 1.503 | ppl 2.84 | wps 318056 | ups 5.85 | wpb 54405.2 | bsz 1984.2 | num_updates 242680 | lr 0.000513538 | gnorm 0.135 | loss_scale 4 | train_wall 19 | gb_free 20.2 | wall 95
2023-08-22 13:38:00 | INFO | fairseq.data.iterators | grouped total_num_itrs = 160
2023-08-22 13:38:00 | INFO | fairseq.trainer | begin training epoch 28
2023-08-22 13:38:00 | INFO | fairseq_cli.train | Start iterating over samples
2023-08-22 13:38:04 | INFO | train_inner | epoch 028:     20 / 160 loss=3.04, nll_loss=1.496, ppl=2.82, wps=272399, ups=5, wpb=54432, bsz=1981.4, num_updates=242700, lr=0.000513517, gnorm=0.135, loss_scale=4, train_wall=12, gb_free=20.2, wall=99
2023-08-22 13:38:17 | INFO | train_inner | epoch 028:    120 / 160 loss=3.014, nll_loss=1.466, ppl=2.76, wps=444290, ups=8.17, wpb=54407, bsz=1958.3, num_updates=242800, lr=0.000513412, gnorm=0.14, loss_scale=4, train_wall=12, gb_free=20.3, wall=111
2023-08-22 13:38:22 | INFO | fairseq_cli.train | begin validation on "valid" subset
2023-08-22 13:38:24 | INFO | valid | epoch 028 | valid on 'valid' subset | loss 3.24 | nll_loss 1.692 | ppl 3.23 | wps 216853 | wpb 19290.5 | bsz 658 | num_updates 242840 | best_loss 3.24
2023-08-22 13:38:24 | INFO | fairseq.checkpoint_utils | Preparing to save checkpoint for epoch 28 @ 242840 updates
2023-08-22 13:38:24 | INFO | fairseq.trainer | Saving checkpoint to /mnt/zhangyh/fairseq-AT/egs/machine_translation/checkpoints/wmt-en2es/enes-baseline-mustc-ft/checkpoint28.pt
2023-08-22 13:38:25 | INFO | fairseq.trainer | Finished saving checkpoint to /mnt/zhangyh/fairseq-AT/egs/machine_translation/checkpoints/wmt-en2es/enes-baseline-mustc-ft/checkpoint28.pt
2023-08-22 13:38:27 | INFO | fairseq.checkpoint_utils | Saved checkpoint checkpoints/wmt-en2es/enes-baseline-mustc-ft/checkpoint28.pt (epoch 28 @ 242840 updates, score 3.24) (writing took 3.350987841025926 seconds)
2023-08-22 13:38:27 | INFO | fairseq_cli.train | end of epoch 28 (average epoch stats below)
2023-08-22 13:38:27 | INFO | train | epoch 028 | loss 3.013 | nll_loss 1.465 | ppl 2.76 | wps 317492 | ups 5.84 | wpb 54405.2 | bsz 1984.2 | num_updates 242840 | lr 0.000513369 | gnorm 0.14 | loss_scale 4 | train_wall 19 | gb_free 20.7 | wall 122
2023-08-22 13:38:27 | INFO | fairseq.data.iterators | grouped total_num_itrs = 160
2023-08-22 13:38:27 | INFO | fairseq.trainer | begin training epoch 29
2023-08-22 13:38:27 | INFO | fairseq_cli.train | Start iterating over samples
2023-08-22 13:38:37 | INFO | train_inner | epoch 029:     60 / 160 loss=2.997, nll_loss=1.447, ppl=2.73, wps=264849, ups=4.89, wpb=54196.5, bsz=2010, num_updates=242900, lr=0.000513306, gnorm=0.138, loss_scale=4, train_wall=12, gb_free=20.1, wall=132
2023-08-22 13:38:49 | INFO | train_inner | epoch 029:    160 / 160 loss=2.985, nll_loss=1.433, ppl=2.7, wps=446782, ups=8.19, wpb=54535.6, bsz=1980.2, num_updates=243000, lr=0.0005132, gnorm=0.134, loss_scale=4, train_wall=12, gb_free=20.3, wall=144
2023-08-22 13:38:49 | INFO | fairseq_cli.train | begin validation on "valid" subset
2023-08-22 13:38:52 | INFO | valid | epoch 029 | valid on 'valid' subset | loss 3.237 | nll_loss 1.691 | ppl 3.23 | wps 104248 | wpb 19290.5 | bsz 658 | num_updates 243000 | best_loss 3.237
2023-08-22 13:38:52 | INFO | fairseq.checkpoint_utils | Preparing to save checkpoint for epoch 29 @ 243000 updates
2023-08-22 13:38:52 | INFO | fairseq.trainer | Saving checkpoint to /mnt/zhangyh/fairseq-AT/egs/machine_translation/checkpoints/wmt-en2es/enes-baseline-mustc-ft/checkpoint29.pt
2023-08-22 13:38:52 | INFO | fairseq.trainer | Finished saving checkpoint to /mnt/zhangyh/fairseq-AT/egs/machine_translation/checkpoints/wmt-en2es/enes-baseline-mustc-ft/checkpoint29.pt
2023-08-22 13:38:55 | INFO | fairseq.checkpoint_utils | Saved checkpoint checkpoints/wmt-en2es/enes-baseline-mustc-ft/checkpoint29.pt (epoch 29 @ 243000 updates, score 3.237) (writing took 3.301966708037071 seconds)
2023-08-22 13:38:55 | INFO | fairseq_cli.train | end of epoch 29 (average epoch stats below)
2023-08-22 13:38:55 | INFO | train | epoch 029 | loss 2.985 | nll_loss 1.432 | ppl 2.7 | wps 314547 | ups 5.78 | wpb 54405.2 | bsz 1984.2 | num_updates 243000 | lr 0.0005132 | gnorm 0.135 | loss_scale 4 | train_wall 19 | gb_free 20.3 | wall 150
2023-08-22 13:38:55 | INFO | fairseq.data.iterators | grouped total_num_itrs = 160
2023-08-22 13:38:55 | INFO | fairseq.trainer | begin training epoch 30
2023-08-22 13:38:55 | INFO | fairseq_cli.train | Start iterating over samples
2023-08-22 13:39:10 | INFO | train_inner | epoch 030:    100 / 160 loss=2.954, nll_loss=1.398, ppl=2.63, wps=266453, ups=4.89, wpb=54530.8, bsz=2044.2, num_updates=243100, lr=0.000513095, gnorm=0.136, loss_scale=4, train_wall=12, gb_free=20.4, wall=164
2023-08-22 13:39:17 | INFO | fairseq_cli.train | begin validation on "valid" subset
2023-08-22 13:39:19 | INFO | valid | epoch 030 | valid on 'valid' subset | loss 3.241 | nll_loss 1.69 | ppl 3.23 | wps 86709 | wpb 19290.5 | bsz 658 | num_updates 243160 | best_loss 3.237
2023-08-22 13:39:19 | INFO | fairseq.checkpoint_utils | Preparing to save checkpoint for epoch 30 @ 243160 updates
2023-08-22 13:39:19 | INFO | fairseq.trainer | Saving checkpoint to /mnt/zhangyh/fairseq-AT/egs/machine_translation/checkpoints/wmt-en2es/enes-baseline-mustc-ft/checkpoint30.pt
2023-08-22 13:39:20 | INFO | fairseq.trainer | Finished saving checkpoint to /mnt/zhangyh/fairseq-AT/egs/machine_translation/checkpoints/wmt-en2es/enes-baseline-mustc-ft/checkpoint30.pt
2023-08-22 13:39:22 | INFO | fairseq.checkpoint_utils | Saved checkpoint checkpoints/wmt-en2es/enes-baseline-mustc-ft/checkpoint30.pt (epoch 30 @ 243160 updates, score 3.241) (writing took 2.340589848929085 seconds)
2023-08-22 13:39:22 | INFO | fairseq_cli.train | end of epoch 30 (average epoch stats below)
2023-08-22 13:39:22 | INFO | train | epoch 030 | loss 2.959 | nll_loss 1.403 | ppl 2.65 | wps 327040 | ups 6.01 | wpb 54405.2 | bsz 1984.2 | num_updates 243160 | lr 0.000513031 | gnorm 0.135 | loss_scale 4 | train_wall 19 | gb_free 20.3 | wall 177
2023-08-22 13:39:22 | INFO | fairseq_cli.train | done training in 170.3 seconds
Exception in thread Thread-7:
Traceback (most recent call last):
  File "/mnt/zhangyh/miniconda3/envs/at/lib/python3.8/threading.py", line 932, in _bootstrap_inner
Exception in thread Thread-3:
Traceback (most recent call last):
  File "/mnt/zhangyh/miniconda3/envs/at/lib/python3.8/threading.py", line 932, in _bootstrap_inner
    self.run()
  File "/mnt/zhangyh/miniconda3/envs/at/lib/python3.8/site-packages/tensorboardX/event_file_writer.py", line 202, in run
    self.run()
  File "/mnt/zhangyh/miniconda3/envs/at/lib/python3.8/site-packages/tensorboardX/event_file_writer.py", line 202, in run
    data = self._queue.get(True, queue_wait_duration)
  File "/mnt/zhangyh/miniconda3/envs/at/lib/python3.8/multiprocessing/queues.py", line 111, in get
Exception in thread Thread-6:
Traceback (most recent call last):
  File "/mnt/zhangyh/miniconda3/envs/at/lib/python3.8/threading.py", line 932, in _bootstrap_inner
    data = self._queue.get(True, queue_wait_duration)
  File "/mnt/zhangyh/miniconda3/envs/at/lib/python3.8/multiprocessing/queues.py", line 111, in get
    self.run()
  File "/mnt/zhangyh/miniconda3/envs/at/lib/python3.8/site-packages/tensorboardX/event_file_writer.py", line 202, in run
    data = self._queue.get(True, queue_wait_duration)
  File "/mnt/zhangyh/miniconda3/envs/at/lib/python3.8/multiprocessing/queues.py", line 111, in get
    res = self._recv_bytes()
  File "/mnt/zhangyh/miniconda3/envs/at/lib/python3.8/multiprocessing/connection.py", line 216, in recv_bytes
    res = self._recv_bytes()
  File "/mnt/zhangyh/miniconda3/envs/at/lib/python3.8/multiprocessing/connection.py", line 216, in recv_bytes
    res = self._recv_bytes()
  File "/mnt/zhangyh/miniconda3/envs/at/lib/python3.8/multiprocessing/connection.py", line 216, in recv_bytes
    buf = self._recv_bytes(maxlength)
  File "/mnt/zhangyh/miniconda3/envs/at/lib/python3.8/multiprocessing/connection.py", line 414, in _recv_bytes
    buf = self._recv_bytes(maxlength)
  File "/mnt/zhangyh/miniconda3/envs/at/lib/python3.8/multiprocessing/connection.py", line 414, in _recv_bytes
    buf = self._recv(4)
  File "/mnt/zhangyh/miniconda3/envs/at/lib/python3.8/multiprocessing/connection.py", line 383, in _recv
    buf = self._recv(4)
  File "/mnt/zhangyh/miniconda3/envs/at/lib/python3.8/multiprocessing/connection.py", line 383, in _recv
    buf = self._recv_bytes(maxlength)
  File "/mnt/zhangyh/miniconda3/envs/at/lib/python3.8/multiprocessing/connection.py", line 414, in _recv_bytes
    raise EOFError
EOFError
    buf = self._recv(4)
  File "/mnt/zhangyh/miniconda3/envs/at/lib/python3.8/multiprocessing/connection.py", line 383, in _recv
    raise EOFError
EOFError
    raise EOFError
EOFError
/mnt/zhangyh/miniconda3/envs/at/lib/python3.8/multiprocessing/resource_tracker.py:216: UserWarning: resource_tracker: There appear to be 96 leaked semaphore objects to clean up at shutdown
  warnings.warn('resource_tracker: There appear to be %d '
