2023-08-25 10:53:42 | INFO | fairseq.distributed.utils | distributed init (rank 1): tcp://localhost:12962
2023-08-25 10:53:42 | INFO | fairseq.distributed.utils | distributed init (rank 6): tcp://localhost:12962
2023-08-25 10:53:42 | INFO | fairseq.distributed.utils | distributed init (rank 4): tcp://localhost:12962
2023-08-25 10:53:42 | INFO | fairseq.distributed.utils | distributed init (rank 3): tcp://localhost:12962
2023-08-25 10:53:42 | INFO | fairseq.distributed.utils | distributed init (rank 2): tcp://localhost:12962
2023-08-25 10:53:42 | INFO | fairseq.distributed.utils | distributed init (rank 5): tcp://localhost:12962
2023-08-25 10:53:42 | INFO | fairseq.distributed.utils | distributed init (rank 7): tcp://localhost:12962
2023-08-25 10:53:42 | INFO | fairseq.distributed.utils | distributed init (rank 0): tcp://localhost:12962
2023-08-25 10:53:43 | INFO | torch.distributed.distributed_c10d | Added key: store_based_barrier_key:1 to store for rank: 1
2023-08-25 10:53:43 | INFO | torch.distributed.distributed_c10d | Added key: store_based_barrier_key:1 to store for rank: 6
2023-08-25 10:53:43 | INFO | torch.distributed.distributed_c10d | Added key: store_based_barrier_key:1 to store for rank: 4
2023-08-25 10:53:43 | INFO | torch.distributed.distributed_c10d | Added key: store_based_barrier_key:1 to store for rank: 3
2023-08-25 10:53:43 | INFO | torch.distributed.distributed_c10d | Added key: store_based_barrier_key:1 to store for rank: 2
2023-08-25 10:53:43 | INFO | torch.distributed.distributed_c10d | Added key: store_based_barrier_key:1 to store for rank: 5
2023-08-25 10:53:43 | INFO | torch.distributed.distributed_c10d | Added key: store_based_barrier_key:1 to store for rank: 7
2023-08-25 10:53:43 | INFO | torch.distributed.distributed_c10d | Added key: store_based_barrier_key:1 to store for rank: 0
2023-08-25 10:53:43 | INFO | torch.distributed.distributed_c10d | Rank 0: Completed store-based barrier for key:store_based_barrier_key:1 with 8 nodes.
2023-08-25 10:53:43 | INFO | fairseq.distributed.utils | initialized host localhost.localdomain as rank 0
2023-08-25 10:53:43 | INFO | torch.distributed.distributed_c10d | Rank 1: Completed store-based barrier for key:store_based_barrier_key:1 with 8 nodes.
2023-08-25 10:53:43 | INFO | fairseq.distributed.utils | initialized host localhost.localdomain as rank 1
2023-08-25 10:53:43 | INFO | torch.distributed.distributed_c10d | Rank 2: Completed store-based barrier for key:store_based_barrier_key:1 with 8 nodes.
2023-08-25 10:53:43 | INFO | fairseq.distributed.utils | initialized host localhost.localdomain as rank 2
2023-08-25 10:53:43 | INFO | torch.distributed.distributed_c10d | Rank 5: Completed store-based barrier for key:store_based_barrier_key:1 with 8 nodes.
2023-08-25 10:53:43 | INFO | torch.distributed.distributed_c10d | Rank 6: Completed store-based barrier for key:store_based_barrier_key:1 with 8 nodes.
2023-08-25 10:53:43 | INFO | fairseq.distributed.utils | initialized host localhost.localdomain as rank 5
2023-08-25 10:53:43 | INFO | fairseq.distributed.utils | initialized host localhost.localdomain as rank 6
2023-08-25 10:53:43 | INFO | torch.distributed.distributed_c10d | Rank 7: Completed store-based barrier for key:store_based_barrier_key:1 with 8 nodes.
2023-08-25 10:53:43 | INFO | fairseq.distributed.utils | initialized host localhost.localdomain as rank 7
2023-08-25 10:53:43 | INFO | torch.distributed.distributed_c10d | Rank 3: Completed store-based barrier for key:store_based_barrier_key:1 with 8 nodes.
2023-08-25 10:53:43 | INFO | fairseq.distributed.utils | initialized host localhost.localdomain as rank 3
2023-08-25 10:53:43 | INFO | torch.distributed.distributed_c10d | Rank 4: Completed store-based barrier for key:store_based_barrier_key:1 with 8 nodes.
2023-08-25 10:53:43 | INFO | fairseq.distributed.utils | initialized host localhost.localdomain as rank 4
2023-08-25 10:53:46 | INFO | fairseq_cli.train | {'_name': None, 'common': {'_name': None, 'no_progress_bar': True, 'log_interval': 100, 'log_format': None, 'log_file': None, 'aim_repo': None, 'aim_run_hash': None, 'tensorboard_logdir': 'checkpoints/wmt-en2fr/enfr-baseline-mustc-ft', 'wandb_project': None, 'azureml_logging': False, 'seed': 1, 'cpu': False, 'tpu': False, 'bf16': False, 'memory_efficient_bf16': False, 'fp16': True, 'memory_efficient_fp16': False, 'fp16_no_flatten_grads': False, 'fp16_init_scale': 128, 'fp16_scale_window': None, 'fp16_scale_tolerance': 0.0, 'on_cpu_convert_precision': False, 'min_loss_scale': 0.0001, 'threshold_loss_scale': None, 'amp': False, 'amp_batch_retries': 2, 'amp_init_scale': 128, 'amp_scale_window': None, 'user_dir': None, 'empty_cache_freq': 0, 'all_gather_list_size': 16384, 'model_parallel_size': 1, 'quantization_config_path': None, 'profile': False, 'reset_logging': False, 'suppress_crashes': False, 'use_plasma_view': False, 'plasma_path': '/tmp/plasma'}, 'common_eval': {'_name': None, 'path': None, 'post_process': None, 'quiet': False, 'model_overrides': '{}', 'results_path': None}, 'distributed_training': {'_name': None, 'distributed_world_size': 8, 'distributed_num_procs': 8, 'distributed_rank': 0, 'distributed_backend': 'nccl', 'distributed_init_method': 'tcp://localhost:12962', 'distributed_port': -1, 'device_id': 0, 'distributed_no_spawn': False, 'ddp_backend': 'no_c10d', 'ddp_comm_hook': 'none', 'bucket_cap_mb': 25, 'fix_batches_to_gpus': False, 'find_unused_parameters': False, 'gradient_as_bucket_view': False, 'fast_stat_sync': False, 'heartbeat_timeout': -1, 'broadcast_buffers': False, 'slowmo_momentum': None, 'slowmo_base_algorithm': 'localsgd', 'localsgd_frequency': 3, 'nprocs_per_node': 8, 'pipeline_model_parallel': False, 'pipeline_balance': None, 'pipeline_devices': None, 'pipeline_chunks': 0, 'pipeline_encoder_balance': None, 'pipeline_encoder_devices': None, 'pipeline_decoder_balance': None, 'pipeline_decoder_devices': None, 'pipeline_checkpoint': 'never', 'zero_sharding': 'none', 'fp16': True, 'memory_efficient_fp16': False, 'tpu': False, 'no_reshard_after_forward': False, 'fp32_reduce_scatter': False, 'cpu_offload': False, 'use_sharded_state': False, 'not_fsdp_flatten_parameters': False}, 'dataset': {'_name': None, 'num_workers': 1, 'skip_invalid_size_inputs_valid_test': False, 'max_tokens': 12288, 'batch_size': None, 'required_batch_size_multiple': 8, 'required_seq_len_multiple': 1, 'dataset_impl': None, 'data_buffer_size': 10, 'train_subset': 'train', 'valid_subset': 'valid', 'combine_valid_subsets': None, 'ignore_unused_valid_subsets': False, 'validate_interval': 1, 'validate_interval_updates': 0, 'validate_after_updates': 0, 'fixed_validation_seed': None, 'disable_validation': False, 'max_tokens_valid': 12288, 'batch_size_valid': None, 'max_valid_steps': None, 'curriculum': 0, 'gen_subset': 'test', 'num_shards': 1, 'shard_id': 0, 'grouped_shuffling': False, 'update_epoch_batch_itr': False, 'update_ordered_indices_seed': False}, 'optimization': {'_name': None, 'max_epoch': 24, 'max_update': 0, 'stop_time_hours': 0.0, 'clip_norm': 0.0, 'sentence_avg': False, 'update_freq': [1], 'lr': [0.002], 'stop_min_lr': -1.0, 'use_bmuf': False, 'skip_remainder_batch': False}, 'checkpoint': {'_name': None, 'save_dir': 'checkpoints/wmt-en2fr/enfr-baseline-mustc-ft', 'restore_file': 'checkpoint_last.pt', 'continue_once': None, 'finetune_from_model': None, 'reset_dataloader': False, 'reset_lr_scheduler': False, 'reset_meters': False, 'reset_optimizer': False, 'optimizer_overrides': '{}', 'save_interval': 1, 'save_interval_updates': 0, 'keep_interval_updates': -1, 'keep_interval_updates_pattern': -1, 'keep_last_epochs': 10, 'keep_best_checkpoints': -1, 'no_save': False, 'no_epoch_checkpoints': False, 'no_last_checkpoints': False, 'no_save_optimizer_state': False, 'best_checkpoint_metric': 'loss', 'maximize_best_checkpoint_metric': False, 'patience': -1, 'checkpoint_suffix': '', 'checkpoint_shard_count': 1, 'load_checkpoint_on_all_dp_ranks': False, 'write_checkpoints_asynchronously': False, 'model_parallel_size': 1}, 'bmuf': {'_name': None, 'block_lr': 1.0, 'block_momentum': 0.875, 'global_sync_iter': 50, 'warmup_iterations': 500, 'use_nbm': False, 'average_sync': False, 'distributed_world_size': 8}, 'generation': {'_name': None, 'beam': 5, 'beam_mt': 0, 'nbest': 1, 'max_len_a': 0.0, 'max_len_b': 200, 'max_len_a_mt': 0.0, 'max_len_b_mt': 200, 'min_len': 1, 'match_source_len': False, 'unnormalized': False, 'no_early_stop': False, 'no_beamable_mm': False, 'lenpen': 1.0, 'lenpen_mt': 1.0, 'unkpen': 0.0, 'replace_unk': None, 'sacrebleu': False, 'score_reference': False, 'prefix_size': 0, 'no_repeat_ngram_size': 0, 'sampling': False, 'sampling_topk': -1, 'sampling_topp': -1.0, 'constraints': None, 'temperature': 1.0, 'diverse_beam_groups': -1, 'diverse_beam_strength': 0.5, 'diversity_rate': -1.0, 'print_alignment': None, 'print_step': False, 'lm_path': None, 'lm_weight': 0.0, 'iter_decode_eos_penalty': 0.0, 'iter_decode_max_iter': 10, 'iter_decode_force_max_iter': False, 'iter_decode_with_beam': 1, 'iter_decode_with_external_reranker': False, 'retain_iter_history': False, 'retain_dropout': False, 'retain_dropout_modules': None, 'decoding_format': None, 'no_seed_provided': False, 'eos_token': None}, 'eval_lm': {'_name': None, 'output_word_probs': False, 'output_word_stats': False, 'context_window': 0, 'softmax_batch': 9223372036854775807}, 'interactive': {'_name': None, 'buffer_size': 0, 'input': '-'}, 'model': Namespace(_name='transformer_wmt_en_de', activation_dropout=0.0, activation_fn='relu', adam_betas='(0.9, 0.997)', adam_eps=1e-08, adaptive_input=False, adaptive_softmax_cutoff=None, adaptive_softmax_dropout=0, aim_repo=None, aim_run_hash=None, all_gather_list_size=16384, amp=False, amp_batch_retries=2, amp_init_scale=128, amp_scale_window=None, arch='transformer_wmt_en_de', attention_dropout=0.0, azureml_logging=False, batch_size=None, batch_size_valid=None, best_checkpoint_metric='loss', bf16=False, bpe=None, broadcast_buffers=False, bucket_cap_mb=25, checkpoint_activations=False, checkpoint_shard_count=1, checkpoint_suffix='', clip_norm=0.0, combine_valid_subsets=None, continue_once=None, cpu=False, cpu_offload=False, criterion='label_smoothed_cross_entropy', cross_self_attention=False, curriculum=0, data='data-bin/mustc-enfr-silent', data_buffer_size=10, dataset_impl=None, ddp_backend='no_c10d', ddp_comm_hook='none', decoder_attention_heads=8, decoder_embed_dim=512, decoder_embed_path=None, decoder_ffn_embed_dim=2048, decoder_input_dim=512, decoder_layerdrop=0, decoder_layers=6, decoder_layers_to_keep=None, decoder_learned_pos=False, decoder_normalize_before=True, decoder_output_dim=512, device_id=0, disable_validation=False, distributed_backend='nccl', distributed_init_method=None, distributed_no_spawn=False, distributed_num_procs=8, distributed_port=-1, distributed_rank=0, distributed_world_size=8, dropout=0.1, ema_decay=0.9999, ema_fp32=False, ema_seed_model=None, ema_start_update=0, ema_update_freq=1, empty_cache_freq=0, encoder_attention_heads=8, encoder_embed_dim=512, encoder_embed_path=None, encoder_ffn_embed_dim=2048, encoder_layerdrop=0, encoder_layers=6, encoder_layers_to_keep=None, encoder_learned_pos=False, encoder_normalize_before=True, eos=2, eval_bleu=False, eval_bleu_args='{}', eval_bleu_detok='space', eval_bleu_detok_args='{}', eval_bleu_print_samples=False, eval_bleu_remove_bpe=None, eval_tokenized_bleu=False, fast_stat_sync=False, find_unused_parameters=False, finetune_from_model=None, fix_batches_to_gpus=False, fixed_validation_seed=None, fp16=True, fp16_adam_stats=False, fp16_init_scale=128, fp16_no_flatten_grads=False, fp16_scale_tolerance=0.0, fp16_scale_window=None, fp32_reduce_scatter=False, gen_subset='test', gradient_as_bucket_view=False, grouped_shuffling=False, heartbeat_timeout=-1, ignore_prefix_size=0, ignore_unused_valid_subsets=False, keep_best_checkpoints=-1, keep_interval_updates=-1, keep_interval_updates_pattern=-1, keep_last_epochs=10, label_smoothing=0.1, layernorm_embedding=False, left_pad_source=True, left_pad_target=False, load_alignments=False, load_checkpoint_on_all_dp_ranks=False, localsgd_frequency=3, log_file=None, log_format=None, log_interval=100, lr=[0.002], lr_scheduler='inverse_sqrt', max_epoch=24, max_tokens=12288, max_tokens_valid=12288, max_update=0, max_valid_steps=None, maximize_best_checkpoint_metric=False, memory_efficient_bf16=False, memory_efficient_fp16=False, merge_src_tgt_embed=False, min_loss_scale=0.0001, model_parallel_size=1, no_cross_attention=False, no_epoch_checkpoints=False, no_last_checkpoints=False, no_progress_bar=True, no_reshard_after_forward=False, no_save=False, no_save_optimizer_state=False, no_scale_embedding=False, no_seed_provided=False, no_token_positional_embeddings=False, not_fsdp_flatten_parameters=False, nprocs_per_node=8, num_batch_buckets=0, num_shards=1, num_workers=1, offload_activations=False, on_cpu_convert_precision=False, optimizer='adam', optimizer_overrides='{}', pad=1, patience=-1, pipeline_balance=None, pipeline_checkpoint='never', pipeline_chunks=0, pipeline_decoder_balance=None, pipeline_decoder_devices=None, pipeline_devices=None, pipeline_encoder_balance=None, pipeline_encoder_devices=None, pipeline_model_parallel=False, plasma_path='/tmp/plasma', profile=False, quant_noise_pq=0, quant_noise_pq_block_size=8, quant_noise_scalar=0, quantization_config_path=None, report_accuracy=False, required_batch_size_multiple=8, required_seq_len_multiple=1, reset_dataloader=False, reset_logging=False, reset_lr_scheduler=False, reset_meters=False, reset_optimizer=False, restore_file='checkpoint_last.pt', save_dir='checkpoints/wmt-en2fr/enfr-baseline-mustc-ft', save_interval=1, save_interval_updates=0, scoring='bleu', seed=1, sentence_avg=False, shard_id=0, share_all_embeddings=True, share_decoder_input_output_embed=True, simul_type=None, skip_invalid_size_inputs_valid_test=False, skip_remainder_batch=False, slowmo_base_algorithm='localsgd', slowmo_momentum=None, source_lang='en', stop_min_lr=-1.0, stop_time_hours=0, store_ema=False, suppress_crashes=False, target_lang='fr', task='translation', tensorboard_logdir='checkpoints/wmt-en2fr/enfr-baseline-mustc-ft', threshold_loss_scale=None, tie_adaptive_weights=False, tokenizer=None, tpu=False, train_config=None, train_subset='train', truncate_source=False, unk=3, update_epoch_batch_itr=False, update_freq=[1], update_ordered_indices_seed=False, upsample_primary=-1, use_bmuf=False, use_old_adam=False, use_plasma_view=False, use_sharded_state=False, user_dir=None, valid_subset='valid', validate_after_updates=0, validate_interval=1, validate_interval_updates=0, wandb_project=None, warmup_init_lr=1e-07, warmup_updates=16000, weight_decay=0.0, write_checkpoints_asynchronously=False, zero_sharding='none'), 'task': {'_name': 'translation', 'data': 'data-bin/mustc-enfr-silent', 'source_lang': 'en', 'target_lang': 'fr', 'load_alignments': False, 'left_pad_source': True, 'left_pad_target': False, 'max_source_positions': 1024, 'max_target_positions': 1024, 'upsample_primary': -1, 'truncate_source': False, 'num_batch_buckets': 0, 'train_subset': 'train', 'dataset_impl': None, 'required_seq_len_multiple': 1, 'eval_bleu': False, 'eval_bleu_args': '{}', 'eval_bleu_detok': 'space', 'eval_bleu_detok_args': '{}', 'eval_tokenized_bleu': False, 'eval_bleu_remove_bpe': None, 'eval_bleu_print_samples': False}, 'criterion': {'_name': 'label_smoothed_cross_entropy', 'label_smoothing': 0.1, 'report_accuracy': False, 'ignore_prefix_size': 0, 'sentence_avg': False}, 'optimizer': {'_name': 'adam', 'adam_betas': '(0.9, 0.997)', 'adam_eps': 1e-08, 'weight_decay': 0.0, 'use_old_adam': False, 'fp16_adam_stats': False, 'tpu': False, 'lr': [0.002]}, 'lr_scheduler': {'_name': 'inverse_sqrt', 'warmup_updates': 16000, 'warmup_init_lr': 1e-07, 'lr': [0.002]}, 'scoring': {'_name': 'bleu', 'pad': 1, 'eos': 2, 'unk': 3}, 'bpe': None, 'tokenizer': None, 'ema': {'_name': None, 'store_ema': False, 'ema_decay': 0.9999, 'ema_start_update': 0, 'ema_seed_model': None, 'ema_update_freq': 1, 'ema_fp32': False}, 'simul_type': None}
2023-08-25 10:53:46 | INFO | fairseq.tasks.translation | [en] dictionary: 9999 types
2023-08-25 10:53:46 | INFO | fairseq.tasks.translation | [fr] dictionary: 9999 types
2023-08-25 10:53:48 | INFO | fairseq_cli.train | TransformerModel(
  (encoder): TransformerEncoderBase(
    (dropout_module): FairseqDropout()
    (embed_tokens): Embedding(9999, 512, padding_idx=1)
    (embed_positions): SinusoidalPositionalEmbedding()
    (layers): ModuleList(
      (0-5): 6 x TransformerEncoderLayerBase(
        (self_attn): MultiheadAttention(
          (dropout_module): FairseqDropout()
          (k_proj): Linear(in_features=512, out_features=512, bias=True)
          (v_proj): Linear(in_features=512, out_features=512, bias=True)
          (q_proj): Linear(in_features=512, out_features=512, bias=True)
          (out_proj): Linear(in_features=512, out_features=512, bias=True)
        )
        (self_attn_layer_norm): FusedLayerNorm(torch.Size([512]), eps=1e-05, elementwise_affine=True)
        (dropout_module): FairseqDropout()
        (activation_dropout_module): FairseqDropout()
        (fc1): Linear(in_features=512, out_features=2048, bias=True)
        (fc2): Linear(in_features=2048, out_features=512, bias=True)
        (final_layer_norm): FusedLayerNorm(torch.Size([512]), eps=1e-05, elementwise_affine=True)
      )
    )
    (layer_norm): FusedLayerNorm(torch.Size([512]), eps=1e-05, elementwise_affine=True)
  )
  (decoder): TransformerDecoderBase(
    (dropout_module): FairseqDropout()
    (embed_tokens): Embedding(9999, 512, padding_idx=1)
    (embed_positions): SinusoidalPositionalEmbedding()
    (layers): ModuleList(
      (0-5): 6 x TransformerDecoderLayerBase(
        (dropout_module): FairseqDropout()
        (self_attn): MultiheadAttention(
          (dropout_module): FairseqDropout()
          (k_proj): Linear(in_features=512, out_features=512, bias=True)
          (v_proj): Linear(in_features=512, out_features=512, bias=True)
          (q_proj): Linear(in_features=512, out_features=512, bias=True)
          (out_proj): Linear(in_features=512, out_features=512, bias=True)
        )
        (activation_dropout_module): FairseqDropout()
        (self_attn_layer_norm): FusedLayerNorm(torch.Size([512]), eps=1e-05, elementwise_affine=True)
        (encoder_attn): MultiheadAttention(
          (dropout_module): FairseqDropout()
          (k_proj): Linear(in_features=512, out_features=512, bias=True)
          (v_proj): Linear(in_features=512, out_features=512, bias=True)
          (q_proj): Linear(in_features=512, out_features=512, bias=True)
          (out_proj): Linear(in_features=512, out_features=512, bias=True)
        )
        (encoder_attn_layer_norm): FusedLayerNorm(torch.Size([512]), eps=1e-05, elementwise_affine=True)
        (fc1): Linear(in_features=512, out_features=2048, bias=True)
        (fc2): Linear(in_features=2048, out_features=512, bias=True)
        (final_layer_norm): FusedLayerNorm(torch.Size([512]), eps=1e-05, elementwise_affine=True)
      )
    )
    (layer_norm): FusedLayerNorm(torch.Size([512]), eps=1e-05, elementwise_affine=True)
    (output_projection): Linear(in_features=512, out_features=9999, bias=False)
  )
)
2023-08-25 10:53:48 | INFO | fairseq_cli.train | task: TranslationTask
2023-08-25 10:53:48 | INFO | fairseq_cli.train | model: TransformerModel
2023-08-25 10:53:48 | INFO | fairseq_cli.train | criterion: LabelSmoothedCrossEntropyCriterion
2023-08-25 10:53:48 | INFO | fairseq_cli.train | num. shared model params: 49,260,032 (num. trained: 49,260,032)
2023-08-25 10:53:48 | INFO | fairseq_cli.train | num. expert model params: 0 (num. trained: 0)
2023-08-25 10:53:48 | INFO | fairseq.data.data_utils | loaded 1,412 examples from: data-bin/mustc-enfr-silent/valid.en-fr.en
2023-08-25 10:53:48 | INFO | fairseq.data.data_utils | loaded 1,412 examples from: data-bin/mustc-enfr-silent/valid.en-fr.fr
2023-08-25 10:53:48 | INFO | fairseq.tasks.translation | data-bin/mustc-enfr-silent valid en-fr 1412 examples
2023-08-25 10:53:56 | INFO | torch.distributed.distributed_c10d | Added key: store_based_barrier_key:2 to store for rank: 0
2023-08-25 10:53:56 | INFO | torch.distributed.distributed_c10d | Rank 0: Completed store-based barrier for key:store_based_barrier_key:2 with 8 nodes.
2023-08-25 10:53:56 | INFO | fairseq.trainer | detected shared parameter: encoder.embed_tokens.weight <- decoder.embed_tokens.weight
2023-08-25 10:53:56 | INFO | fairseq.trainer | detected shared parameter: encoder.embed_tokens.weight <- decoder.output_projection.weight
2023-08-25 10:53:56 | INFO | fairseq.utils | ***********************CUDA enviroments for all 8 workers***********************
2023-08-25 10:53:56 | INFO | fairseq.utils | rank   0: capabilities =  8.6  ; total memory = 23.700 GB ; name = NVIDIA GeForce RTX 3090                 
2023-08-25 10:53:56 | INFO | fairseq.utils | rank   1: capabilities =  8.6  ; total memory = 23.700 GB ; name = NVIDIA GeForce RTX 3090                 
2023-08-25 10:53:56 | INFO | fairseq.utils | rank   2: capabilities =  8.6  ; total memory = 23.700 GB ; name = NVIDIA GeForce RTX 3090                 
2023-08-25 10:53:56 | INFO | fairseq.utils | rank   3: capabilities =  8.6  ; total memory = 23.700 GB ; name = NVIDIA GeForce RTX 3090                 
2023-08-25 10:53:56 | INFO | fairseq.utils | rank   4: capabilities =  8.6  ; total memory = 23.700 GB ; name = NVIDIA GeForce RTX 3090                 
2023-08-25 10:53:56 | INFO | fairseq.utils | rank   5: capabilities =  8.6  ; total memory = 23.700 GB ; name = NVIDIA GeForce RTX 3090                 
2023-08-25 10:53:56 | INFO | fairseq.utils | rank   6: capabilities =  8.6  ; total memory = 23.700 GB ; name = NVIDIA GeForce RTX 3090                 
2023-08-25 10:53:56 | INFO | fairseq.utils | rank   7: capabilities =  8.6  ; total memory = 23.700 GB ; name = NVIDIA GeForce RTX 3090                 
2023-08-25 10:53:56 | INFO | fairseq.utils | ***********************CUDA enviroments for all 8 workers***********************
2023-08-25 10:53:56 | INFO | fairseq_cli.train | training on 8 devices (GPUs/TPUs)
2023-08-25 10:53:56 | INFO | fairseq_cli.train | max tokens per device = 12288 and max sentences per device = None
2023-08-25 10:53:56 | INFO | fairseq.trainer | Preparing to load checkpoint checkpoints/wmt-en2fr/enfr-baseline-mustc-ft/checkpoint_last.pt
2023-08-25 10:53:57 | INFO | fairseq.trainer | load the task parameters
2023-08-25 10:54:05 | INFO | fairseq.optim.adam | using FusedAdam
2023-08-25 10:54:06 | INFO | fairseq.trainer | Loaded checkpoint checkpoints/wmt-en2fr/enfr-baseline-mustc-ft/checkpoint_last.pt (epoch 21 @ 403535 updates)
2023-08-25 10:54:06 | INFO | fairseq.trainer | loading train data for epoch 21
2023-08-25 10:54:06 | INFO | fairseq.data.data_utils | loaded 328,388 examples from: data-bin/mustc-enfr-silent/train.en-fr.en
2023-08-25 10:54:06 | INFO | fairseq.data.data_utils | loaded 328,388 examples from: data-bin/mustc-enfr-silent/train.en-fr.fr
2023-08-25 10:54:06 | INFO | fairseq.tasks.translation | data-bin/mustc-enfr-silent train en-fr 328388 examples
2023-08-25 10:54:06 | INFO | fairseq.data.iterators | grouped total_num_itrs = 113
2023-08-25 10:54:06 | INFO | fairseq.trainer | begin training epoch 21
2023-08-25 10:54:06 | INFO | fairseq_cli.train | Start iterating over samples
2023-08-25 10:54:10 | INFO | fairseq.trainer | NOTE: gradient overflow detected, ignoring gradient, setting loss scale to: 2.0
2023-08-25 10:54:10 | INFO | fairseq.trainer | NOTE: gradient overflow detected, ignoring gradient, setting loss scale to: 1.0
2023-08-25 10:54:21 | INFO | train_inner | epoch 021:     67 / 113 loss=3.214, nll_loss=1.692, ppl=3.23, wps=539133, ups=6.34, wpb=84958.3, bsz=2988.4, num_updates=403600, lr=0.000398212, gnorm=0.29, loss_scale=1, train_wall=12, gb_free=19.1, wall=24
2023-08-25 10:54:28 | INFO | fairseq_cli.train | begin validation on "valid" subset
/mnt/zhangyh/miniconda3/envs/at/lib/python3.8/site-packages/torch/nn/functional.py:4999: UserWarning: Support for mismatched key_padding_mask and attn_mask is deprecated. Use same type for both instead.
  warnings.warn(
/mnt/zhangyh/miniconda3/envs/at/lib/python3.8/site-packages/torch/nn/functional.py:4999: UserWarning: Support for mismatched key_padding_mask and attn_mask is deprecated. Use same type for both instead.
  warnings.warn(
/mnt/zhangyh/miniconda3/envs/at/lib/python3.8/site-packages/torch/nn/functional.py:4999: UserWarning: Support for mismatched key_padding_mask and attn_mask is deprecated. Use same type for both instead.
  warnings.warn(
/mnt/zhangyh/miniconda3/envs/at/lib/python3.8/site-packages/torch/nn/functional.py:4999: UserWarning: Support for mismatched key_padding_mask and attn_mask is deprecated. Use same type for both instead.
  warnings.warn(
/mnt/zhangyh/miniconda3/envs/at/lib/python3.8/site-packages/torch/nn/functional.py:4999: UserWarning: Support for mismatched key_padding_mask and attn_mask is deprecated. Use same type for both instead.
  warnings.warn(
/mnt/zhangyh/miniconda3/envs/at/lib/python3.8/site-packages/torch/nn/functional.py:4999: UserWarning: Support for mismatched key_padding_mask and attn_mask is deprecated. Use same type for both instead.
  warnings.warn(
/mnt/zhangyh/miniconda3/envs/at/lib/python3.8/site-packages/torch/nn/functional.py:4999: UserWarning: Support for mismatched key_padding_mask and attn_mask is deprecated. Use same type for both instead.
  warnings.warn(
/mnt/zhangyh/miniconda3/envs/at/lib/python3.8/site-packages/torch/nn/functional.py:4999: UserWarning: Support for mismatched key_padding_mask and attn_mask is deprecated. Use same type for both instead.
  warnings.warn(
2023-08-25 10:54:30 | INFO | valid | epoch 021 | valid on 'valid' subset | loss 3.214 | nll_loss 1.66 | ppl 3.16 | wps 0 | wpb 42985 | bsz 1412 | num_updates 403646 | best_loss 3.214
2023-08-25 10:54:30 | INFO | fairseq.checkpoint_utils | Preparing to save checkpoint for epoch 21 @ 403646 updates
2023-08-25 10:54:30 | INFO | fairseq.trainer | Saving checkpoint to /mnt/zhangyh/fairseq-AT/egs/machine_translation/checkpoints/wmt-en2fr/enfr-baseline-mustc-ft/checkpoint21.pt
2023-08-25 10:54:31 | INFO | fairseq.trainer | Finished saving checkpoint to /mnt/zhangyh/fairseq-AT/egs/machine_translation/checkpoints/wmt-en2fr/enfr-baseline-mustc-ft/checkpoint21.pt
2023-08-25 10:54:33 | INFO | fairseq.checkpoint_utils | Saved checkpoint checkpoints/wmt-en2fr/enfr-baseline-mustc-ft/checkpoint21.pt (epoch 21 @ 403646 updates, score 3.214) (writing took 2.8596135059999597 seconds)
2023-08-25 10:54:33 | INFO | fairseq_cli.train | end of epoch 21 (average epoch stats below)
2023-08-25 10:54:33 | INFO | train | epoch 021 | loss 3.194 | nll_loss 1.67 | ppl 3.18 | wps 416578 | ups 4.93 | wpb 84446 | bsz 2913 | num_updates 403646 | lr 0.000398189 | gnorm 0.237 | loss_scale 1 | train_wall 19 | gb_free 18.8 | wall 37
2023-08-25 10:54:33 | INFO | fairseq.data.iterators | grouped total_num_itrs = 113
2023-08-25 10:54:33 | INFO | fairseq.trainer | begin training epoch 22
2023-08-25 10:54:33 | INFO | fairseq_cli.train | Start iterating over samples
2023-08-25 10:54:43 | INFO | train_inner | epoch 022:     54 / 113 loss=3.146, nll_loss=1.615, ppl=3.06, wps=373102, ups=4.42, wpb=84365, bsz=2857.6, num_updates=403700, lr=0.000398163, gnorm=0.167, loss_scale=1, train_wall=15, gb_free=19.1, wall=47
2023-08-25 10:54:52 | INFO | fairseq_cli.train | begin validation on "valid" subset
2023-08-25 10:54:55 | INFO | valid | epoch 022 | valid on 'valid' subset | loss 3.184 | nll_loss 1.636 | ppl 3.11 | wps 0 | wpb 42985 | bsz 1412 | num_updates 403759 | best_loss 3.184
2023-08-25 10:54:55 | INFO | fairseq.checkpoint_utils | Preparing to save checkpoint for epoch 22 @ 403759 updates
2023-08-25 10:54:55 | INFO | fairseq.trainer | Saving checkpoint to /mnt/zhangyh/fairseq-AT/egs/machine_translation/checkpoints/wmt-en2fr/enfr-baseline-mustc-ft/checkpoint22.pt
2023-08-25 10:54:55 | INFO | fairseq.trainer | Finished saving checkpoint to /mnt/zhangyh/fairseq-AT/egs/machine_translation/checkpoints/wmt-en2fr/enfr-baseline-mustc-ft/checkpoint22.pt
2023-08-25 10:54:57 | INFO | fairseq.checkpoint_utils | Saved checkpoint checkpoints/wmt-en2fr/enfr-baseline-mustc-ft/checkpoint22.pt (epoch 22 @ 403759 updates, score 3.184) (writing took 2.913730156000156 seconds)
2023-08-25 10:54:57 | INFO | fairseq_cli.train | end of epoch 22 (average epoch stats below)
2023-08-25 10:54:57 | INFO | train | epoch 022 | loss 3.115 | nll_loss 1.58 | ppl 2.99 | wps 388056 | ups 4.6 | wpb 84389.3 | bsz 2906.1 | num_updates 403759 | lr 0.000398134 | gnorm 0.157 | loss_scale 1 | train_wall 17 | gb_free 18.9 | wall 61
2023-08-25 10:54:58 | INFO | fairseq.data.iterators | grouped total_num_itrs = 113
2023-08-25 10:54:58 | INFO | fairseq.trainer | begin training epoch 23
2023-08-25 10:54:58 | INFO | fairseq_cli.train | Start iterating over samples
2023-08-25 10:55:06 | INFO | train_inner | epoch 023:     41 / 113 loss=3.097, nll_loss=1.56, ppl=2.95, wps=372976, ups=4.44, wpb=84064.9, bsz=2868.6, num_updates=403800, lr=0.000398113, gnorm=0.148, loss_scale=1, train_wall=15, gb_free=18.9, wall=70
2023-08-25 10:55:17 | INFO | fairseq_cli.train | begin validation on "valid" subset
2023-08-25 10:55:19 | INFO | valid | epoch 023 | valid on 'valid' subset | loss 3.173 | nll_loss 1.623 | ppl 3.08 | wps 0 | wpb 42985 | bsz 1412 | num_updates 403872 | best_loss 3.173
2023-08-25 10:55:19 | INFO | fairseq.checkpoint_utils | Preparing to save checkpoint for epoch 23 @ 403872 updates
2023-08-25 10:55:19 | INFO | fairseq.trainer | Saving checkpoint to /mnt/zhangyh/fairseq-AT/egs/machine_translation/checkpoints/wmt-en2fr/enfr-baseline-mustc-ft/checkpoint23.pt
2023-08-25 10:55:20 | INFO | fairseq.trainer | Finished saving checkpoint to /mnt/zhangyh/fairseq-AT/egs/machine_translation/checkpoints/wmt-en2fr/enfr-baseline-mustc-ft/checkpoint23.pt
2023-08-25 10:55:22 | INFO | fairseq.checkpoint_utils | Saved checkpoint checkpoints/wmt-en2fr/enfr-baseline-mustc-ft/checkpoint23.pt (epoch 23 @ 403872 updates, score 3.173) (writing took 2.971540862999973 seconds)
2023-08-25 10:55:22 | INFO | fairseq_cli.train | end of epoch 23 (average epoch stats below)
2023-08-25 10:55:22 | INFO | train | epoch 023 | loss 3.075 | nll_loss 1.536 | ppl 2.9 | wps 385916 | ups 4.57 | wpb 84389.3 | bsz 2906.1 | num_updates 403872 | lr 0.000398078 | gnorm 0.141 | loss_scale 1 | train_wall 17 | gb_free 19 | wall 86
2023-08-25 10:55:22 | INFO | fairseq.data.iterators | grouped total_num_itrs = 113
2023-08-25 10:55:22 | INFO | fairseq.trainer | begin training epoch 24
2023-08-25 10:55:22 | INFO | fairseq_cli.train | Start iterating over samples
2023-08-25 10:55:29 | INFO | train_inner | epoch 024:     28 / 113 loss=3.058, nll_loss=1.517, ppl=2.86, wps=367820, ups=4.34, wpb=84824.5, bsz=2968, num_updates=403900, lr=0.000398064, gnorm=0.141, loss_scale=1, train_wall=15, gb_free=19.4, wall=93
2023-08-25 10:55:42 | INFO | fairseq_cli.train | begin validation on "valid" subset
2023-08-25 10:55:44 | INFO | valid | epoch 024 | valid on 'valid' subset | loss 3.177 | nll_loss 1.621 | ppl 3.08 | wps 0 | wpb 42985 | bsz 1412 | num_updates 403985 | best_loss 3.173
2023-08-25 10:55:44 | INFO | fairseq.checkpoint_utils | Preparing to save checkpoint for epoch 24 @ 403985 updates
2023-08-25 10:55:44 | INFO | fairseq.trainer | Saving checkpoint to /mnt/zhangyh/fairseq-AT/egs/machine_translation/checkpoints/wmt-en2fr/enfr-baseline-mustc-ft/checkpoint24.pt
2023-08-25 10:55:45 | INFO | fairseq.trainer | Finished saving checkpoint to /mnt/zhangyh/fairseq-AT/egs/machine_translation/checkpoints/wmt-en2fr/enfr-baseline-mustc-ft/checkpoint24.pt
2023-08-25 10:55:46 | INFO | fairseq.checkpoint_utils | Saved checkpoint checkpoints/wmt-en2fr/enfr-baseline-mustc-ft/checkpoint24.pt (epoch 24 @ 403985 updates, score 3.177) (writing took 1.4789455069999349 seconds)
2023-08-25 10:55:46 | INFO | fairseq_cli.train | end of epoch 24 (average epoch stats below)
2023-08-25 10:55:46 | INFO | train | epoch 024 | loss 3.045 | nll_loss 1.502 | ppl 2.83 | wps 401886 | ups 4.76 | wpb 84389.3 | bsz 2906.1 | num_updates 403985 | lr 0.000398022 | gnorm 0.154 | loss_scale 1 | train_wall 17 | gb_free 19.3 | wall 110
2023-08-25 10:55:46 | INFO | fairseq_cli.train | done training in 99.8 seconds
Exception in thread Thread-6:
Traceback (most recent call last):
  File "/mnt/zhangyh/miniconda3/envs/at/lib/python3.8/threading.py", line 932, in _bootstrap_inner
Exception in thread Thread-7:
Traceback (most recent call last):
  File "/mnt/zhangyh/miniconda3/envs/at/lib/python3.8/threading.py", line 932, in _bootstrap_inner
Exception in thread Thread-3:
Traceback (most recent call last):
  File "/mnt/zhangyh/miniconda3/envs/at/lib/python3.8/threading.py", line 932, in _bootstrap_inner
    self.run()
  File "/mnt/zhangyh/miniconda3/envs/at/lib/python3.8/site-packages/tensorboardX/event_file_writer.py", line 202, in run
    self.run()
  File "/mnt/zhangyh/miniconda3/envs/at/lib/python3.8/site-packages/tensorboardX/event_file_writer.py", line 202, in run
    self.run()
  File "/mnt/zhangyh/miniconda3/envs/at/lib/python3.8/site-packages/tensorboardX/event_file_writer.py", line 202, in run
    data = self._queue.get(True, queue_wait_duration)
  File "/mnt/zhangyh/miniconda3/envs/at/lib/python3.8/multiprocessing/queues.py", line 111, in get
    data = self._queue.get(True, queue_wait_duration)
  File "/mnt/zhangyh/miniconda3/envs/at/lib/python3.8/multiprocessing/queues.py", line 111, in get
    data = self._queue.get(True, queue_wait_duration)
  File "/mnt/zhangyh/miniconda3/envs/at/lib/python3.8/multiprocessing/queues.py", line 111, in get
    res = self._recv_bytes()
  File "/mnt/zhangyh/miniconda3/envs/at/lib/python3.8/multiprocessing/connection.py", line 216, in recv_bytes
    res = self._recv_bytes()
  File "/mnt/zhangyh/miniconda3/envs/at/lib/python3.8/multiprocessing/connection.py", line 216, in recv_bytes
    res = self._recv_bytes()
  File "/mnt/zhangyh/miniconda3/envs/at/lib/python3.8/multiprocessing/connection.py", line 216, in recv_bytes
    buf = self._recv_bytes(maxlength)
  File "/mnt/zhangyh/miniconda3/envs/at/lib/python3.8/multiprocessing/connection.py", line 414, in _recv_bytes
    buf = self._recv_bytes(maxlength)
  File "/mnt/zhangyh/miniconda3/envs/at/lib/python3.8/multiprocessing/connection.py", line 414, in _recv_bytes
    buf = self._recv_bytes(maxlength)
  File "/mnt/zhangyh/miniconda3/envs/at/lib/python3.8/multiprocessing/connection.py", line 414, in _recv_bytes
    buf = self._recv(4)
  File "/mnt/zhangyh/miniconda3/envs/at/lib/python3.8/multiprocessing/connection.py", line 383, in _recv
    buf = self._recv(4)
  File "/mnt/zhangyh/miniconda3/envs/at/lib/python3.8/multiprocessing/connection.py", line 383, in _recv
    buf = self._recv(4)
  File "/mnt/zhangyh/miniconda3/envs/at/lib/python3.8/multiprocessing/connection.py", line 383, in _recv
    raise EOFError
EOFError
    raise EOFError
EOFError
    raise EOFError
EOFError
/mnt/zhangyh/miniconda3/envs/at/lib/python3.8/multiprocessing/resource_tracker.py:216: UserWarning: resource_tracker: There appear to be 64 leaked semaphore objects to clean up at shutdown
  warnings.warn('resource_tracker: There appear to be %d '
