0829_1059 | 0,1,2,3,4,5,6,7 | data_all_enfr_lcrm | ./checkpoints/mustc/st/enfr_shrink_v2_merge_wmt_0829_both_topCL_AT_sentence_mixup0307_scale2.5_alpha1.5_mt0.5_nograd 
0829_2337 | 0,1,2,3,4,5,6,7 | data_all_enfr_lcrm | ./checkpoints/mustc/st/enfr_shrink_v2_merge_wmt_0830_both_topCL_AT_sentence_mixup0109_scale3.5_alpha1.0_mt0.5_nograd 
0830_1434 | 0,1,2,3,4,5,6,7 | data_all_enes_lcrm | ./checkpoints/mustc/st/enes_shrink_v2_merge_wmt_0830_hard_baseline_lowCL_alpha1.5_mt0.5_lowgrad_highnograd 
0830_1436 | 0,1,2,3,4,5,6,7 | data_all_enes_lcrm | ./checkpoints/mustc/st/enes_shrink_v2_merge_wmt_0830_hard_baseline_lowCL_alpha1.5_mt0.5_lowgrad_highnograd 
0830_1442 | 0,1,2,3,4,5,6,7 | data_all_enes_lcrm | ./checkpoints/mustc/st/enes_shrink_v2_merge_wmt_0830_hard_baseline_lowCL_alpha1.5_mt0.5_lowgrad_highnograd 
0830_1516 | 0,1,2,3,4,5,6,7 | data_all_enfr_lcrm | ./checkpoints/mustc/st/enfr_shrink_v2_merge_wmt_0830_both_topCL_AT_sentence_mixup0307_scale5_alpha1.0_mt0.5_nograd 
0830_1827 | 0,1,2,3,4,5,6,7 | data_all_enes_lcrm | ./checkpoints/mustc/st/enes_shrink_v2_merge_wmt_0830_hard_baseline_lowCL_alpha1.5_mt0.5_lowgrad_highnograd 
0830_1932 | 0,1,2,3,4,5,6,7 | data_all_enes_lcrm | ./checkpoints/mustc/st/enes_shrink_v2_merge_wmt_0830_hard_baseline_lowCL_alpha1.5_mt0.5_lowgrad_highnograd 
0830_2209 | 0,1,2,3,4,5,6,7 | data_all_enfr_lcrm | ./checkpoints/mustc/st/enfr_shrink_v2_merge_wmt_0830_both_topCL_AT_sentence_mixup0307_scale5_alpha1.0_mt0.5_nograd 
0830_2212 | 0,1,2,3,4,5,6,7 | data_all_enes_lcrm | ./checkpoints/mustc/st/enes_shrink_v2_merge_wmt_0830_hard_baseline_lowCL_alpha1.5_mt0.5_lowgrad_highnograd 
0831_0942 | 0,1,2,3,4,5,6,7 | data_all_enes_lcrm | ./checkpoints/mustc/st/enes_shrink_v2_merge_wmt_0831_soft_noCL_AT_sentence_mixup0307_scale2.5_alpha0_mt0.5_lowgrad_highnograd 
0831_2005 | 0,1,2,3,4,5,6,7 | data_all_enes_lcrm | ./checkpoints/mustc/st/enes_shrink_v2_merge_wmt_0831_soft_noCL_AT_sentence_mixup0307_scale2.5_alpha0_mt0.5_lowgrad_highnograd_turnid 
0901_1139 | 0,1,2,3,4,5,6,7 | data_all_enes_lcrm | ./checkpoints/mustc/st/enes_shrink_v2_merge_wmt_0901_soft_noCL_AT_sentence_mixup07_scale3.5_alpha0_mt0.5_lowgrad_highnograd 
0901_1931 | 0 | data_all_200ende_lcrm | ./checkpoints/mustc/st/ende_v3_merge_wmt_0901_shrink_soft_noCL_AT_sentence_scale3.5_alpha1.5_mt0.5 
0901_1935 | 0,1,2,3,4,5,6,7 | data_all_ende_lcrm | ./checkpoints/mustc/st/ende_v3_merge_wmt_0901_shrink_soft_noCL_AT_sentence_scale3.5_alpha1.5_mt0.5 
0901_1949 | 0,1,2,3,4,5,6,7 | data_all_ende_lcrm | ./checkpoints/mustc/st/ende_v3_merge_wmt_0901_shrink_soft_noCL_AT_sentence_scale3.5_alpha1.5_mt0.5 
0902_0949 | 0,1,2,3,4,5,6,7 | data_all_ende_lcrm | ./checkpoints/mustc/st/ende_v3_merge_wmt_0901_shrink_soft_noCL_AT_sentence_mixup_changeid_scale3.5_alpha1.5_mt0.5 
0902_0951 | 0,1,2,3,4,5,6,7 | data_all_ende_lcrm | ./checkpoints/mustc/st/ende_v3_merge_wmt_0902_shrink_soft_noCL_AT_sentence_mixup_changeid_scale3.5_alpha1.5_mt0.5 
0902_2147 | 0,1,2,3,4,5,6,7 | data_all_ende_lcrm | ./checkpoints/mustc/st/ende_v3_merge_wmt_0902_shrink_soft_noCL_AT_sentence_mixup_changeid_scale3.5_alpha1.5_mt0.5 
0902_2152 | 0,1,2,3,4,5,6,7 | data_all_ende_lcrm | ./checkpoints/mustc/st/ende_v3_merge_wmt_0902_shrink_soft_noCL_AT_sentence_mixup_changeid_scale3.5_alpha1.5_mt0.5 
0902_2156 | 0,1,2,3,4,5,6,7 | data_all_ende_lcrm | ./checkpoints/mustc/st/ende_v3_merge_wmt_0902_shrink_soft_noCL_AT_sentence_mixup_changeid_scale3.5_alpha1.5_mt0.5 
0902_2227 | 0,1,2,3,4,5,6,7 | data_all_ende_lcrm | ./checkpoints/mustc/st/ende_v3_merge_wmt_0902_shrink_soft_noCL_AT_sentence_mixup_changeid_scale3.5_alpha1.5_mt0.5 
0902_2235 | 0,1,2,3,4,5,6,7 | data_all_ende_lcrm | ./checkpoints/mustc/st/ende_v3_merge_wmt_0902_shrink_test 
0902_2247 | 0,1,2,3,4,5,6,7 | data_all_ende_lcrm | ./checkpoints/mustc/st/ende_v3_merge_wmt_0902_shrink_test 
0902_2248 | 0,1,2,3,4,5,6,7 | data_all_ende_lcrm | ./checkpoints/mustc/st/ende_v3_merge_wmt_0902_shrink_test 
0902_2249 | 0,1,2,3,4,5,6,7 | data_all_ende_lcrm | ./checkpoints/mustc/st/ende_v3_merge_wmt_0902_shrink_test 
0902_2346 | 0,1,2,3,4,5,6,7 | data_all_ende_lcrm | ./checkpoints/mustc/st/ende_v4_merge_wmt_0902_shrink_soft_noCL_AT_sentence_mixup_changeid_scale1_alpha1.5_mt0.5 
0903_0301 | 0,1,2,3,4,5,6,7 | data_all_ende_lcrm | ./checkpoints/mustc/st/ende_v4_merge_wmt_0902_shrink_soft_noCL_AT_sentence_mixup_changeid_scale2_alpha1.5_mt0.5 
0903_0929 | 0,1,2,3,4,5,6,7 | data_all_ende_lcrm | ./checkpoints/mustc/st/ende_v4_merge_wmt_0902_shrink_soft_noCL_AT_sentence_mixup_changeid_3_scale1_alpha1.5_mt0.5 
0903_1811 | 0,1,2,3,4,5,6,7 | data_all_ende_lcrm | ./checkpoints/mustc/st/ende_v4_merge_wmt_0902_shrink_soft_noCL_AT_sentence_mixup_changeid_3_scale1_alpha1.5_mt0.5 
0903_2101 | 0,1,2,3,4,5,6,7 | data_all_ende_lcrm | ./checkpoints/mustc/st/ende_v4_merge_wmt_0903_shrink_soft_noCL_AT_sentence_mixup0005_changeid_3_scale1_alpha1.5_mt1 
0903_2127 | 0,1,2,3,4,5,6,7 | data_all_ende_lcrm | ./checkpoints/mustc/st/ende_v4_merge_wmt_0903_shrink_soft_noCL_AT_sentence_mixup0005_changeid_3_scale1_alpha1.5_mt1 
0903_2322 | 0,1,2,3,4,5,6,7 | data_all_ende_lcrm | ./checkpoints/mustc/st/ende_v4_merge_wmt_0903_shrink_soft_noCL_AT_sentence_mixup0005_changeid_3_scale1_alpha1.5_mt1 
0904_1301 | 0,1,2,3,4,5,6,7 | data_all_ende_lcrm | ./checkpoints/mustc/st/ende_v4_merge_wmt_0904_shrink_soft_noCL_AT_sentence_mixup_changeid_3_scale1_alpha0_mt0.5_fzMTEmb 
0904_1302 | 0,1,2,3,4,5,6,7 | data_all_ende_lcrm | ./checkpoints/mustc/st/ende_v4_merge_wmt_0904_shrink_soft_noCL_AT_sentence_mixup_changeid_3_scale1_alpha0_mt0.5_fzMTEmb 
0904_1303 | 0,1,2,3,4,5,6,7 | data_all_ende_lcrm | ./checkpoints/mustc/st/ende_v4_merge_wmt_0904_shrink_soft_noCL_AT_sentence_mixup_changeid_3_scale1_alpha0_mt0.5_fzMTEmb 
0904_1304 | 0,1,2,3,4,5,6,7 | data_all_ende_lcrm | ./checkpoints/mustc/st/ende_v4_merge_wmt_0904_shrink_soft_noCL_AT_sentence_mixup_changeid_3_scale1_alpha0_mt0.5_fzMTEmb 
0904_1309 | 0,1,2,3,4,5,6,7 | data_all_ende_lcrm | ./checkpoints/mustc/st/ende_v4_merge_wmt_0904_shrink_soft_noCL_AT_sentence_mixup_changeid_3_scale1_alpha0_mt0.5_fzMTEmb 
0904_1437 | 0,1,2,3,4,5,6,7 | data_all_ende_lcrm | ./checkpoints/mustc/st/ende_v4_merge_wmt_0904_shrink_both_topCL_AT_sentence_mixup_changeid_scale3.5_alpha1.5_mt0.5 
0905_0133 | 0,1,2,3,4,5,6,7 | data_all_ende_lcrm | ./checkpoints/mustc/st/ende_v4_merge_wmt_0905_shrink_both_topCL_AT_sentence_mixup_changeid_scale3.5_alpha1.5_mt0.5_nofz_decrease 
0905_0140 | 0,1,2,3,4,5,6,7 | data_all_ende_lcrm | ./checkpoints/mustc/st/ende_v4_merge_wmt_0905_shrink_both_topCL_AT_sentence_mixup_changeid_scale3.5_alpha1.5_mt0.5_nofz_decrease 
0905_0933 | 0,1,2,3,4,5,6,7 | data_all_ende_lcrm | ./checkpoints/mustc/st/ende_v4_merge_wmt_0905_shrink_both_topCL_AT_sentence_mixup_changeid_scale3.5_alpha1.5_mt0.5_nofz_decrease 
0905_1029 | 0,1,2,3,4,5,6,7 | data_all_ende_lcrm | ./checkpoints/mustc/st/enes_v4_merge_wmt_0905_shrink_soft_noCL_AT_sentence_mixup_changeid_scale3.5_alpha0_mt0.5 
0905_1043 | 0,1,2,3,4,5,6,7 | data_all_enes_lcrm | ./checkpoints/mustc/st/enes_v4_merge_wmt_0905_shrink_soft_noCL_AT_sentence_mixup_changeid_scale3.5_alpha0_mt0.5 
0905_2131 | 0,1,2,3,4,5,6,7 | data_all_ende_lcrm | ./checkpoints/mustc/st/ende_v4_merge_wmt_0905_shrink_both_topCL_AT_sentence_mixup_changeid_scale3.5_alpha1.5_mt0.5_nofz_decrease 
0905_2250 | 0,1,2,3,4,5,6,7 | data_all_enes_lcrm | ./checkpoints/mustc/st/enes_v4_merge_wmt_0905_shrink_soft_noCL_AT_sentence_mixup_changeid_scale3.5_alpha0_mt0.5 
0906_0113 | 0,1,2,3,4,5,6,7 | data_all_enfr_lcrm | ./checkpoints/mustc/st/enfr_v4_merge_wmt_0906_shrink_soft_noCL_AT_sentence_mixup_changeid_scale3.5_alpha0_mt0.5 
0906_1336 | 0,1,2,3,4,5,6,7 | data_all_enfr_lcrm | ./checkpoints/mustc/st/enfr_v4_merge_wmt_0906_shrink_soft_noCL_AT_sentence_mixup_changeid_scale3.5_alpha0_mt0.5 
0906_1630 | 0,1,2,3,4,5,6,7 | data_all_enfr_lcrm | ./checkpoints/mustc/st/enfr_v4_merge_wmt_0906_shrink_soft_noCL_AT_sentence_mixup_changeid_scale2_alpha0_mt0.5 
0907_1021 | 0,1,2,3,4,5,6,7 | data_all_enfr_lcrm | ./checkpoints/mustc/st/enfr_v4_merge_wmt_0907_shrink_soft_noCL_AT_sentence_mixup_changeid_scale4_alpha0_mt0.5_dec 
